2024-08-21 13:34:18,118 [Worker-4: Loading available Gradle versions] INFO  o.e.b.c.i.u.g.PublishedGradleVersions - Gradle version information cache is out-of-date. Trying to update.
2024-08-21 13:45:58,340 [ModalContext] INFO  o.a.s.c.u.s.e.EdDSASecurityProviderRegistrar - getOrCreateProvider(EdDSA) created instance of net.i2p.crypto.eddsa.EdDSASecurityProvider
2024-08-21 13:45:58,821 [ModalContext] INFO  o.a.s.c.i.DefaultIoServiceFactoryFactory - No detected/configured IoServiceFactoryFactory; using Nio2ServiceFactoryFactory
2024-08-21 14:02:17,073 [ModalContext] INFO  o.e.m.c.i.e.AbstractTransferListenerAdapter - Downloading https://repo.maven.apache.org/maven2/org/apache/maven/archetypes/maven-archetype-quickstart/1.1/maven-archetype-quickstart-1.1.pom
2024-08-21 14:02:17,529 [ModalContext] INFO  o.e.m.c.i.e.AbstractTransferListenerAdapter - Downloaded https://repo.maven.apache.org/maven2/org/apache/maven/archetypes/maven-archetype-quickstart/1.1/maven-archetype-quickstart-1.1.pom
2024-08-21 14:02:18,495 [ModalContext] INFO  o.e.m.c.i.e.AbstractTransferListenerAdapter - Downloading https://repo.maven.apache.org/maven2/org/apache/maven/archetypes/maven-archetype-bundles/4/maven-archetype-bundles-4.pom
2024-08-21 14:02:18,534 [ModalContext] INFO  o.e.m.c.i.e.AbstractTransferListenerAdapter - Downloaded https://repo.maven.apache.org/maven2/org/apache/maven/archetypes/maven-archetype-bundles/4/maven-archetype-bundles-4.pom
2024-08-21 14:02:18,810 [ModalContext] INFO  o.e.m.c.i.e.AbstractTransferListenerAdapter - Downloading https://repo.maven.apache.org/maven2/org/apache/maven/archetype/maven-archetype/2.0-alpha-5/maven-archetype-2.0-alpha-5.pom
2024-08-21 14:02:18,858 [ModalContext] INFO  o.e.m.c.i.e.AbstractTransferListenerAdapter - Downloaded https://repo.maven.apache.org/maven2/org/apache/maven/archetype/maven-archetype/2.0-alpha-5/maven-archetype-2.0-alpha-5.pom
2024-08-21 14:02:19,010 [ModalContext] INFO  o.e.m.c.i.e.AbstractTransferListenerAdapter - Downloading https://repo.maven.apache.org/maven2/org/apache/maven/maven-parent/16/maven-parent-16.pom
2024-08-21 14:02:19,164 [ModalContext] INFO  o.e.m.c.i.e.AbstractTransferListenerAdapter - Downloaded https://repo.maven.apache.org/maven2/org/apache/maven/maven-parent/16/maven-parent-16.pom
2024-08-21 14:02:19,325 [ModalContext] INFO  o.e.m.c.i.e.AbstractTransferListenerAdapter - Downloading https://repo.maven.apache.org/maven2/org/apache/maven/archetypes/maven-archetype-quickstart/1.1/maven-archetype-quickstart-1.1.jar
2024-08-21 14:02:19,590 [ModalContext] INFO  o.e.m.c.i.e.AbstractTransferListenerAdapter - Downloaded https://repo.maven.apache.org/maven2/org/apache/maven/archetypes/maven-archetype-quickstart/1.1/maven-archetype-quickstart-1.1.jar
2024-08-21 14:03:10,587 [Worker-16: Enabling Maven Dependency Management] INFO  o.e.m.c.i.l.LifecycleMappingFactory - Using org.eclipse.m2e.jdt.JarLifecycleMapping lifecycle mapping for MavenProject: jdbc:jdbc:0.0.1-SNAPSHOT @ C:\Users\Gabriel Caio\OneDrive\Área de Trabalho\100DaysOfCodeJava\Sprint6\jdbc\pom.xml.
2024-08-21 14:03:12,643 [Worker-28: Building] WARN  o.a.m.s.f.DefaultMavenResourcesFiltering - Using platform encoding (UTF-8 actually) to copy filtered resources, i.e. build is platform dependent!
2024-08-21 14:03:12,645 [Worker-28: Building] INFO  o.a.m.s.f.DefaultMavenResourcesFiltering - skip non existing resourceDirectory C:\Users\Gabriel Caio\OneDrive\Área de Trabalho\100DaysOfCodeJava\Sprint6\jdbc\src\main\resources
2024-08-21 14:03:12,649 [Worker-28: Building] WARN  o.a.m.s.f.DefaultMavenResourcesFiltering - Using platform encoding (UTF-8 actually) to copy filtered resources, i.e. build is platform dependent!
2024-08-21 14:03:12,651 [Worker-28: Building] INFO  o.a.m.s.f.DefaultMavenResourcesFiltering - skip non existing resourceDirectory C:\Users\Gabriel Caio\OneDrive\Área de Trabalho\100DaysOfCodeJava\Sprint6\jdbc\src\test\resources
2024-08-21 14:03:13,407 [Worker-16: Enabling Maven Dependency Management] INFO  o.e.m.j.i.AbstractJavaProjectConfigurator - Adding source folder /jdbc/src
2024-08-21 14:03:13,409 [Worker-16: Enabling Maven Dependency Management] INFO  o.e.m.j.i.AbstractJavaProjectConfigurator - Resources folder /jdbc/src/main/resources overlaps with sources folder /jdbc/src
2024-08-21 14:03:13,410 [Worker-16: Enabling Maven Dependency Management] INFO  o.e.m.j.i.AbstractJavaProjectConfigurator - Not adding source folder /jdbc/src/test/java because it overlaps with /jdbc/src
2024-08-21 14:03:13,411 [Worker-16: Enabling Maven Dependency Management] INFO  o.e.m.j.i.AbstractJavaProjectConfigurator - Resources folder /jdbc/src/test/resources overlaps with sources folder /jdbc/src
2024-08-21 14:03:13,979 [Worker-16: Enabling Maven Dependency Management] INFO  o.e.m.c.i.p.ProjectConfigurationManager - Update started
2024-08-21 14:03:14,566 [Worker-16: Enabling Maven Dependency Management] INFO  o.e.m.c.i.l.LifecycleMappingFactory - Using org.eclipse.m2e.jdt.JarLifecycleMapping lifecycle mapping for MavenProject: jdbc:jdbc:0.0.1-SNAPSHOT @ C:\Users\Gabriel Caio\OneDrive\Área de Trabalho\100DaysOfCodeJava\Sprint6\jdbc\pom.xml.
2024-08-21 14:03:14,766 [Worker-16: Enabling Maven Dependency Management] INFO  o.e.m.j.i.AbstractJavaProjectConfigurator - Adding source folder /jdbc/src
2024-08-21 14:03:14,768 [Worker-16: Enabling Maven Dependency Management] INFO  o.e.m.j.i.AbstractJavaProjectConfigurator - Resources folder /jdbc/src/main/resources overlaps with sources folder /jdbc/src
2024-08-21 14:03:14,769 [Worker-16: Enabling Maven Dependency Management] INFO  o.e.m.j.i.AbstractJavaProjectConfigurator - Not adding source folder /jdbc/src/test/java because it overlaps with /jdbc/src
2024-08-21 14:03:14,770 [Worker-16: Enabling Maven Dependency Management] INFO  o.e.m.j.i.AbstractJavaProjectConfigurator - Resources folder /jdbc/src/test/resources overlaps with sources folder /jdbc/src
2024-08-21 14:03:14,934 [Worker-16: Enabling Maven Dependency Management] INFO  o.e.m.c.i.p.ProjectConfigurationManager - Update completed for 1 poms: local refresh takes 0,00 sec, refresh facades takes 0,00 sec, update config takes 0,00 sec 
2024-08-21 14:03:15,079 [Worker-16: Building] WARN  o.a.m.s.f.DefaultMavenResourcesFiltering - Using platform encoding (UTF-8 actually) to copy filtered resources, i.e. build is platform dependent!
2024-08-21 14:03:15,082 [Worker-16: Building] INFO  o.a.m.s.f.DefaultMavenResourcesFiltering - skip non existing resourceDirectory C:\Users\Gabriel Caio\OneDrive\Área de Trabalho\100DaysOfCodeJava\Sprint6\jdbc\src\main\resources
2024-08-21 14:03:15,088 [Worker-16: Building] WARN  o.a.m.s.f.DefaultMavenResourcesFiltering - Using platform encoding (UTF-8 actually) to copy filtered resources, i.e. build is platform dependent!
2024-08-21 14:03:15,090 [Worker-16: Building] INFO  o.a.m.s.f.DefaultMavenResourcesFiltering - skip non existing resourceDirectory C:\Users\Gabriel Caio\OneDrive\Área de Trabalho\100DaysOfCodeJava\Sprint6\jdbc\src\test\resources
2024-08-21 14:08:45,929 [Worker-33: Building] INFO  o.e.m.c.i.l.LifecycleMappingFactory - Using org.eclipse.m2e.jdt.JarLifecycleMapping lifecycle mapping for MavenProject: jdbc:jdbc:0.0.1-SNAPSHOT @ C:\Users\Gabriel Caio\OneDrive\Área de Trabalho\100DaysOfCodeJava\Sprint6\jdbc\pom.xml.
2024-08-21 14:08:46,313 [Worker-33: Building] WARN  o.a.m.s.f.DefaultMavenResourcesFiltering - Using platform encoding (UTF-8 actually) to copy filtered resources, i.e. build is platform dependent!
2024-08-21 14:08:46,316 [Worker-33: Building] INFO  o.a.m.s.f.DefaultMavenResourcesFiltering - skip non existing resourceDirectory C:\Users\Gabriel Caio\OneDrive\Área de Trabalho\100DaysOfCodeJava\Sprint6\jdbc\src\main\resources
2024-08-21 14:08:46,324 [Worker-33: Building] WARN  o.a.m.s.f.DefaultMavenResourcesFiltering - Using platform encoding (UTF-8 actually) to copy filtered resources, i.e. build is platform dependent!
2024-08-21 14:08:46,327 [Worker-33: Building] INFO  o.a.m.s.f.DefaultMavenResourcesFiltering - skip non existing resourceDirectory C:\Users\Gabriel Caio\OneDrive\Área de Trabalho\100DaysOfCodeJava\Sprint6\jdbc\src\test\resources
2024-08-21 14:08:48,006 [Worker-35: Building] WARN  o.a.m.s.f.DefaultMavenResourcesFiltering - Using platform encoding (UTF-8 actually) to copy filtered resources, i.e. build is platform dependent!
2024-08-21 14:08:48,008 [Worker-35: Building] INFO  o.a.m.s.f.DefaultMavenResourcesFiltering - skip non existing resourceDirectory C:\Users\Gabriel Caio\OneDrive\Área de Trabalho\100DaysOfCodeJava\Sprint6\jdbc\src\main\resources
2024-08-21 14:08:48,013 [Worker-35: Building] WARN  o.a.m.s.f.DefaultMavenResourcesFiltering - Using platform encoding (UTF-8 actually) to copy filtered resources, i.e. build is platform dependent!
2024-08-21 14:08:48,014 [Worker-35: Building] INFO  o.a.m.s.f.DefaultMavenResourcesFiltering - skip non existing resourceDirectory C:\Users\Gabriel Caio\OneDrive\Área de Trabalho\100DaysOfCodeJava\Sprint6\jdbc\src\test\resources
2024-08-21 14:09:19,095 [Worker-33: Building] WARN  o.a.m.s.f.DefaultMavenResourcesFiltering - Using platform encoding (UTF-8 actually) to copy filtered resources, i.e. build is platform dependent!
2024-08-21 14:09:19,096 [Worker-33: Building] INFO  o.a.m.s.f.DefaultMavenResourcesFiltering - skip non existing resourceDirectory C:\Users\Gabriel Caio\OneDrive\Área de Trabalho\100DaysOfCodeJava\Sprint6\jdbc\src\main\resources
2024-08-21 14:09:19,104 [Worker-33: Building] WARN  o.a.m.s.f.DefaultMavenResourcesFiltering - Using platform encoding (UTF-8 actually) to copy filtered resources, i.e. build is platform dependent!
2024-08-21 14:09:19,106 [Worker-33: Building] INFO  o.a.m.s.f.DefaultMavenResourcesFiltering - skip non existing resourceDirectory C:\Users\Gabriel Caio\OneDrive\Área de Trabalho\100DaysOfCodeJava\Sprint6\jdbc\src\test\resources
2024-08-21 14:14:54,303 [Worker-39: Building] WARN  o.a.m.s.f.DefaultMavenResourcesFiltering - Using platform encoding (UTF-8 actually) to copy filtered resources, i.e. build is platform dependent!
2024-08-21 14:14:54,305 [Worker-39: Building] INFO  o.a.m.s.f.DefaultMavenResourcesFiltering - skip non existing resourceDirectory C:\Users\Gabriel Caio\OneDrive\Área de Trabalho\100DaysOfCodeJava\Sprint6\jdbc\src\main\resources
2024-08-21 14:14:54,309 [Worker-39: Building] WARN  o.a.m.s.f.DefaultMavenResourcesFiltering - Using platform encoding (UTF-8 actually) to copy filtered resources, i.e. build is platform dependent!
2024-08-21 14:14:54,311 [Worker-39: Building] INFO  o.a.m.s.f.DefaultMavenResourcesFiltering - skip non existing resourceDirectory C:\Users\Gabriel Caio\OneDrive\Área de Trabalho\100DaysOfCodeJava\Sprint6\jdbc\src\test\resources
2024-08-21 14:15:41,624 [Worker-41: Building] WARN  o.a.m.s.f.DefaultMavenResourcesFiltering - Using platform encoding (UTF-8 actually) to copy filtered resources, i.e. build is platform dependent!
2024-08-21 14:15:41,625 [Worker-41: Building] INFO  o.a.m.s.f.DefaultMavenResourcesFiltering - skip non existing resourceDirectory C:\Users\Gabriel Caio\OneDrive\Área de Trabalho\100DaysOfCodeJava\Sprint6\jdbc\src\main\resources
2024-08-21 14:15:41,631 [Worker-41: Building] WARN  o.a.m.s.f.DefaultMavenResourcesFiltering - Using platform encoding (UTF-8 actually) to copy filtered resources, i.e. build is platform dependent!
2024-08-21 14:15:41,633 [Worker-41: Building] INFO  o.a.m.s.f.DefaultMavenResourcesFiltering - skip non existing resourceDirectory C:\Users\Gabriel Caio\OneDrive\Área de Trabalho\100DaysOfCodeJava\Sprint6\jdbc\src\test\resources
2024-08-21 14:18:24,770 [Worker-32: Building] WARN  o.a.m.s.f.DefaultMavenResourcesFiltering - Using platform encoding (UTF-8 actually) to copy filtered resources, i.e. build is platform dependent!
2024-08-21 14:18:24,772 [Worker-32: Building] INFO  o.a.m.s.f.DefaultMavenResourcesFiltering - skip non existing resourceDirectory C:\Users\Gabriel Caio\OneDrive\Área de Trabalho\100DaysOfCodeJava\Sprint6\jdbc\src\main\resources
2024-08-21 14:18:24,779 [Worker-32: Building] WARN  o.a.m.s.f.DefaultMavenResourcesFiltering - Using platform encoding (UTF-8 actually) to copy filtered resources, i.e. build is platform dependent!
2024-08-21 14:18:24,781 [Worker-32: Building] INFO  o.a.m.s.f.DefaultMavenResourcesFiltering - skip non existing resourceDirectory C:\Users\Gabriel Caio\OneDrive\Área de Trabalho\100DaysOfCodeJava\Sprint6\jdbc\src\test\resources
2024-08-21 14:18:33,868 [Worker-40: Building] WARN  o.a.m.s.f.DefaultMavenResourcesFiltering - Using platform encoding (UTF-8 actually) to copy filtered resources, i.e. build is platform dependent!
2024-08-21 14:18:33,869 [Worker-40: Building] INFO  o.a.m.s.f.DefaultMavenResourcesFiltering - skip non existing resourceDirectory C:\Users\Gabriel Caio\OneDrive\Área de Trabalho\100DaysOfCodeJava\Sprint6\jdbc\src\main\resources
2024-08-21 14:18:33,873 [Worker-40: Building] WARN  o.a.m.s.f.DefaultMavenResourcesFiltering - Using platform encoding (UTF-8 actually) to copy filtered resources, i.e. build is platform dependent!
2024-08-21 14:18:33,875 [Worker-40: Building] INFO  o.a.m.s.f.DefaultMavenResourcesFiltering - skip non existing resourceDirectory C:\Users\Gabriel Caio\OneDrive\Área de Trabalho\100DaysOfCodeJava\Sprint6\jdbc\src\test\resources
2024-08-21 14:46:14,448 [Worker-4: Loading available Gradle versions] INFO  o.e.b.c.i.u.g.PublishedGradleVersions - Gradle version information cache is up-to-date. Trying to read.
2024-08-21 14:51:10,447 [Worker-1: Building] WARN  o.a.m.s.f.DefaultMavenResourcesFiltering - Using platform encoding (UTF-8 actually) to copy filtered resources, i.e. build is platform dependent!
2024-08-21 14:51:10,455 [Worker-1: Building] INFO  o.a.m.s.f.DefaultMavenResourcesFiltering - skip non existing resourceDirectory C:\Users\Gabriel Caio\OneDrive\Área de Trabalho\100DaysOfCodeJava\Sprint6\jdbc\src\main\resources
2024-08-21 14:51:10,463 [Worker-1: Building] WARN  o.a.m.s.f.DefaultMavenResourcesFiltering - Using platform encoding (UTF-8 actually) to copy filtered resources, i.e. build is platform dependent!
2024-08-21 14:51:10,465 [Worker-1: Building] INFO  o.a.m.s.f.DefaultMavenResourcesFiltering - skip non existing resourceDirectory C:\Users\Gabriel Caio\OneDrive\Área de Trabalho\100DaysOfCodeJava\Sprint6\jdbc\src\test\resources
2024-08-21 14:53:36,615 [Worker-14: Building] WARN  o.a.m.s.f.DefaultMavenResourcesFiltering - Using platform encoding (UTF-8 actually) to copy filtered resources, i.e. build is platform dependent!
2024-08-21 14:53:36,616 [Worker-14: Building] INFO  o.a.m.s.f.DefaultMavenResourcesFiltering - skip non existing resourceDirectory C:\Users\Gabriel Caio\OneDrive\Área de Trabalho\100DaysOfCodeJava\Sprint6\jdbc\src\main\resources
2024-08-21 14:53:36,621 [Worker-14: Building] WARN  o.a.m.s.f.DefaultMavenResourcesFiltering - Using platform encoding (UTF-8 actually) to copy filtered resources, i.e. build is platform dependent!
2024-08-21 14:53:36,622 [Worker-14: Building] INFO  o.a.m.s.f.DefaultMavenResourcesFiltering - skip non existing resourceDirectory C:\Users\Gabriel Caio\OneDrive\Área de Trabalho\100DaysOfCodeJava\Sprint6\jdbc\src\test\resources
2024-08-21 14:53:41,286 [Worker-21: Building] WARN  o.a.m.s.f.DefaultMavenResourcesFiltering - Using platform encoding (UTF-8 actually) to copy filtered resources, i.e. build is platform dependent!
2024-08-21 14:53:41,287 [Worker-21: Building] INFO  o.a.m.s.f.DefaultMavenResourcesFiltering - skip non existing resourceDirectory C:\Users\Gabriel Caio\OneDrive\Área de Trabalho\100DaysOfCodeJava\Sprint6\jdbc\src\main\resources
2024-08-21 14:53:41,292 [Worker-21: Building] WARN  o.a.m.s.f.DefaultMavenResourcesFiltering - Using platform encoding (UTF-8 actually) to copy filtered resources, i.e. build is platform dependent!
2024-08-21 14:53:41,293 [Worker-21: Building] INFO  o.a.m.s.f.DefaultMavenResourcesFiltering - skip non existing resourceDirectory C:\Users\Gabriel Caio\OneDrive\Área de Trabalho\100DaysOfCodeJava\Sprint6\jdbc\src\test\resources
2024-08-21 14:53:49,287 [Worker-24: Building] WARN  o.a.m.s.f.DefaultMavenResourcesFiltering - Using platform encoding (UTF-8 actually) to copy filtered resources, i.e. build is platform dependent!
2024-08-21 14:53:49,289 [Worker-24: Building] INFO  o.a.m.s.f.DefaultMavenResourcesFiltering - skip non existing resourceDirectory C:\Users\Gabriel Caio\OneDrive\Área de Trabalho\100DaysOfCodeJava\Sprint6\jdbc\src\main\resources
2024-08-21 14:53:49,293 [Worker-24: Building] WARN  o.a.m.s.f.DefaultMavenResourcesFiltering - Using platform encoding (UTF-8 actually) to copy filtered resources, i.e. build is platform dependent!
2024-08-21 14:53:49,294 [Worker-24: Building] INFO  o.a.m.s.f.DefaultMavenResourcesFiltering - skip non existing resourceDirectory C:\Users\Gabriel Caio\OneDrive\Área de Trabalho\100DaysOfCodeJava\Sprint6\jdbc\src\test\resources
2024-08-21 14:55:22,900 [Worker-8: Loading available Gradle versions] INFO  o.e.b.c.i.u.g.PublishedGradleVersions - Gradle version information cache is up-to-date. Trying to read.
2024-08-21 14:56:02,296 [Worker-3: Building] INFO  o.e.m.c.i.l.LifecycleMappingFactory - Using org.eclipse.m2e.jdt.JarLifecycleMapping lifecycle mapping for MavenProject: jdbc:jdbc:0.0.1-SNAPSHOT @ C:\Users\Gabriel Caio\OneDrive\Área de Trabalho\100DaysOfCodeJava\Sprint6\Primeiros-Passos-jdbc\pom.xml.
2024-08-21 14:56:03,764 [Worker-3: Building] WARN  o.a.m.s.f.DefaultMavenResourcesFiltering - Using platform encoding (UTF-8 actually) to copy filtered resources, i.e. build is platform dependent!
2024-08-21 14:56:03,766 [Worker-3: Building] INFO  o.a.m.s.f.DefaultMavenResourcesFiltering - skip non existing resourceDirectory C:\Users\Gabriel Caio\OneDrive\Área de Trabalho\100DaysOfCodeJava\Sprint6\Primeiros-Passos-jdbc\src\main\resources
2024-08-21 14:56:03,773 [Worker-3: Building] WARN  o.a.m.s.f.DefaultMavenResourcesFiltering - Using platform encoding (UTF-8 actually) to copy filtered resources, i.e. build is platform dependent!
2024-08-21 14:56:03,776 [Worker-3: Building] INFO  o.a.m.s.f.DefaultMavenResourcesFiltering - skip non existing resourceDirectory C:\Users\Gabriel Caio\OneDrive\Área de Trabalho\100DaysOfCodeJava\Sprint6\Primeiros-Passos-jdbc\src\test\resources
2024-08-21 14:56:04,915 [Worker-1: Building] WARN  o.a.m.s.f.DefaultMavenResourcesFiltering - Using platform encoding (UTF-8 actually) to copy filtered resources, i.e. build is platform dependent!
2024-08-21 14:56:04,916 [Worker-1: Building] INFO  o.a.m.s.f.DefaultMavenResourcesFiltering - skip non existing resourceDirectory C:\Users\Gabriel Caio\OneDrive\Área de Trabalho\100DaysOfCodeJava\Sprint6\Primeiros-Passos-jdbc\src\main\resources
2024-08-21 14:56:04,922 [Worker-1: Building] WARN  o.a.m.s.f.DefaultMavenResourcesFiltering - Using platform encoding (UTF-8 actually) to copy filtered resources, i.e. build is platform dependent!
2024-08-21 14:56:04,923 [Worker-1: Building] INFO  o.a.m.s.f.DefaultMavenResourcesFiltering - skip non existing resourceDirectory C:\Users\Gabriel Caio\OneDrive\Área de Trabalho\100DaysOfCodeJava\Sprint6\Primeiros-Passos-jdbc\src\test\resources
2024-08-22 11:19:18,988 [Worker-7: Loading available Gradle versions] INFO  o.e.b.c.i.u.g.PublishedGradleVersions - Gradle version information cache is up-to-date. Trying to read.
2024-08-22 11:19:25,828 [Worker-9: Building] INFO  o.e.m.c.i.l.LifecycleMappingFactory - Using org.eclipse.m2e.jdt.JarLifecycleMapping lifecycle mapping for MavenProject: jdbc:jdbc:0.0.1-SNAPSHOT @ C:\Users\Gabriel Caio\OneDrive\Área de Trabalho\100DaysOfCodeJava\Sprint6\Primeiros-Passos-jdbc\pom.xml.
2024-08-22 11:19:27,883 [Worker-9: Building] WARN  o.a.m.s.f.DefaultMavenResourcesFiltering - Using platform encoding (UTF-8 actually) to copy filtered resources, i.e. build is platform dependent!
2024-08-22 11:19:27,885 [Worker-9: Building] INFO  o.a.m.s.f.DefaultMavenResourcesFiltering - skip non existing resourceDirectory C:\Users\Gabriel Caio\OneDrive\Área de Trabalho\100DaysOfCodeJava\Sprint6\Primeiros-Passos-jdbc\src\test\resources
2024-08-22 11:19:28,246 [Worker-7: Updating Maven Dependencies] INFO  o.e.m.c.i.l.LifecycleMappingFactory - Using org.eclipse.m2e.jdt.JarLifecycleMapping lifecycle mapping for MavenProject: jdbc:jdbc:0.0.1-SNAPSHOT @ C:\Users\Gabriel Caio\OneDrive\Área de Trabalho\100DaysOfCodeJava\Sprint6\Primeiros-Passos-jdbc\pom.xml.
2024-08-22 11:19:29,554 [Worker-4: Building] WARN  o.a.m.s.f.DefaultMavenResourcesFiltering - Using platform encoding (UTF-8 actually) to copy filtered resources, i.e. build is platform dependent!
2024-08-22 11:19:29,555 [Worker-4: Building] INFO  o.a.m.s.f.DefaultMavenResourcesFiltering - skip non existing resourceDirectory C:\Users\Gabriel Caio\OneDrive\Área de Trabalho\100DaysOfCodeJava\Sprint6\Primeiros-Passos-jdbc\src\main\resources
2024-08-22 11:19:29,559 [Worker-4: Building] WARN  o.a.m.s.f.DefaultMavenResourcesFiltering - Using platform encoding (UTF-8 actually) to copy filtered resources, i.e. build is platform dependent!
2024-08-22 11:19:29,559 [Worker-4: Building] INFO  o.a.m.s.f.DefaultMavenResourcesFiltering - skip non existing resourceDirectory C:\Users\Gabriel Caio\OneDrive\Área de Trabalho\100DaysOfCodeJava\Sprint6\Primeiros-Passos-jdbc\src\test\resources
2024-08-22 11:22:11,120 [Worker-2: Building] WARN  o.a.m.s.f.DefaultMavenResourcesFiltering - Using platform encoding (UTF-8 actually) to copy filtered resources, i.e. build is platform dependent!
2024-08-22 11:22:11,121 [Worker-2: Building] INFO  o.a.m.s.f.DefaultMavenResourcesFiltering - skip non existing resourceDirectory C:\Users\Gabriel Caio\OneDrive\Área de Trabalho\100DaysOfCodeJava\Sprint6\Primeiros-Passos-jdbc\src\main\resources
2024-08-22 11:22:11,124 [Worker-2: Building] WARN  o.a.m.s.f.DefaultMavenResourcesFiltering - Using platform encoding (UTF-8 actually) to copy filtered resources, i.e. build is platform dependent!
2024-08-22 11:22:11,125 [Worker-2: Building] INFO  o.a.m.s.f.DefaultMavenResourcesFiltering - skip non existing resourceDirectory C:\Users\Gabriel Caio\OneDrive\Área de Trabalho\100DaysOfCodeJava\Sprint6\Primeiros-Passos-jdbc\src\test\resources
2024-08-22 11:22:43,347 [Worker-5: Building] WARN  o.a.m.s.f.DefaultMavenResourcesFiltering - Using platform encoding (UTF-8 actually) to copy filtered resources, i.e. build is platform dependent!
2024-08-22 11:22:43,348 [Worker-5: Building] INFO  o.a.m.s.f.DefaultMavenResourcesFiltering - skip non existing resourceDirectory C:\Users\Gabriel Caio\OneDrive\Área de Trabalho\100DaysOfCodeJava\Sprint6\Primeiros-Passos-jdbc\src\main\resources
2024-08-22 11:22:43,352 [Worker-5: Building] WARN  o.a.m.s.f.DefaultMavenResourcesFiltering - Using platform encoding (UTF-8 actually) to copy filtered resources, i.e. build is platform dependent!
2024-08-22 11:22:43,353 [Worker-5: Building] INFO  o.a.m.s.f.DefaultMavenResourcesFiltering - skip non existing resourceDirectory C:\Users\Gabriel Caio\OneDrive\Área de Trabalho\100DaysOfCodeJava\Sprint6\Primeiros-Passos-jdbc\src\test\resources
2024-08-22 11:22:59,812 [Worker-0: Building] WARN  o.a.m.s.f.DefaultMavenResourcesFiltering - Using platform encoding (UTF-8 actually) to copy filtered resources, i.e. build is platform dependent!
2024-08-22 11:22:59,812 [Worker-0: Building] INFO  o.a.m.s.f.DefaultMavenResourcesFiltering - skip non existing resourceDirectory C:\Users\Gabriel Caio\OneDrive\Área de Trabalho\100DaysOfCodeJava\Sprint6\Primeiros-Passos-jdbc\src\main\resources
2024-08-22 11:22:59,812 [Worker-0: Building] WARN  o.a.m.s.f.DefaultMavenResourcesFiltering - Using platform encoding (UTF-8 actually) to copy filtered resources, i.e. build is platform dependent!
2024-08-22 11:22:59,812 [Worker-0: Building] INFO  o.a.m.s.f.DefaultMavenResourcesFiltering - skip non existing resourceDirectory C:\Users\Gabriel Caio\OneDrive\Área de Trabalho\100DaysOfCodeJava\Sprint6\Primeiros-Passos-jdbc\src\test\resources
2024-08-22 11:23:50,890 [Worker-3: Building] WARN  o.a.m.s.f.DefaultMavenResourcesFiltering - Using platform encoding (UTF-8 actually) to copy filtered resources, i.e. build is platform dependent!
2024-08-22 11:23:50,891 [Worker-3: Building] INFO  o.a.m.s.f.DefaultMavenResourcesFiltering - skip non existing resourceDirectory C:\Users\Gabriel Caio\OneDrive\Área de Trabalho\100DaysOfCodeJava\Sprint6\Primeiros-Passos-jdbc\src\main\resources
2024-08-22 11:23:50,895 [Worker-3: Building] WARN  o.a.m.s.f.DefaultMavenResourcesFiltering - Using platform encoding (UTF-8 actually) to copy filtered resources, i.e. build is platform dependent!
2024-08-22 11:23:50,896 [Worker-3: Building] INFO  o.a.m.s.f.DefaultMavenResourcesFiltering - skip non existing resourceDirectory C:\Users\Gabriel Caio\OneDrive\Área de Trabalho\100DaysOfCodeJava\Sprint6\Primeiros-Passos-jdbc\src\test\resources
2024-08-22 11:24:24,854 [Worker-0: Building] WARN  o.a.m.s.f.DefaultMavenResourcesFiltering - Using platform encoding (UTF-8 actually) to copy filtered resources, i.e. build is platform dependent!
2024-08-22 11:24:24,855 [Worker-0: Building] INFO  o.a.m.s.f.DefaultMavenResourcesFiltering - skip non existing resourceDirectory C:\Users\Gabriel Caio\OneDrive\Área de Trabalho\100DaysOfCodeJava\Sprint6\Primeiros-Passos-jdbc\src\main\resources
2024-08-22 11:24:24,857 [Worker-0: Building] WARN  o.a.m.s.f.DefaultMavenResourcesFiltering - Using platform encoding (UTF-8 actually) to copy filtered resources, i.e. build is platform dependent!
2024-08-22 11:24:24,858 [Worker-0: Building] INFO  o.a.m.s.f.DefaultMavenResourcesFiltering - skip non existing resourceDirectory C:\Users\Gabriel Caio\OneDrive\Área de Trabalho\100DaysOfCodeJava\Sprint6\Primeiros-Passos-jdbc\src\test\resources
2024-08-22 11:28:51,203 [Worker-20: Building] WARN  o.a.m.s.f.DefaultMavenResourcesFiltering - Using platform encoding (UTF-8 actually) to copy filtered resources, i.e. build is platform dependent!
2024-08-22 11:28:51,204 [Worker-20: Building] INFO  o.a.m.s.f.DefaultMavenResourcesFiltering - skip non existing resourceDirectory C:\Users\Gabriel Caio\OneDrive\Área de Trabalho\100DaysOfCodeJava\Sprint6\Primeiros-Passos-jdbc\src\main\resources
2024-08-22 11:28:51,209 [Worker-20: Building] WARN  o.a.m.s.f.DefaultMavenResourcesFiltering - Using platform encoding (UTF-8 actually) to copy filtered resources, i.e. build is platform dependent!
2024-08-22 11:28:51,210 [Worker-20: Building] INFO  o.a.m.s.f.DefaultMavenResourcesFiltering - skip non existing resourceDirectory C:\Users\Gabriel Caio\OneDrive\Área de Trabalho\100DaysOfCodeJava\Sprint6\Primeiros-Passos-jdbc\src\test\resources
2024-08-22 11:32:05,944 [Worker-25: Building] WARN  o.a.m.s.f.DefaultMavenResourcesFiltering - Using platform encoding (UTF-8 actually) to copy filtered resources, i.e. build is platform dependent!
2024-08-22 11:32:05,945 [Worker-25: Building] INFO  o.a.m.s.f.DefaultMavenResourcesFiltering - skip non existing resourceDirectory C:\Users\Gabriel Caio\OneDrive\Área de Trabalho\100DaysOfCodeJava\Sprint6\Primeiros-Passos-jdbc\src\main\resources
2024-08-22 11:32:05,949 [Worker-25: Building] WARN  o.a.m.s.f.DefaultMavenResourcesFiltering - Using platform encoding (UTF-8 actually) to copy filtered resources, i.e. build is platform dependent!
2024-08-22 11:32:05,950 [Worker-25: Building] INFO  o.a.m.s.f.DefaultMavenResourcesFiltering - skip non existing resourceDirectory C:\Users\Gabriel Caio\OneDrive\Área de Trabalho\100DaysOfCodeJava\Sprint6\Primeiros-Passos-jdbc\src\test\resources
2024-08-22 11:37:46,778 [Worker-26: Building] INFO  o.e.m.c.i.l.LifecycleMappingFactory - Using org.eclipse.m2e.jdt.JarLifecycleMapping lifecycle mapping for MavenProject: jdbc:jdbc:0.0.1-SNAPSHOT @ C:\Users\Gabriel Caio\OneDrive\Área de Trabalho\100DaysOfCodeJava\Sprint6\Primeiros-Passos-jdbc\pom.xml.
2024-08-22 11:37:47,286 [Worker-26: Building] WARN  o.a.m.s.f.DefaultMavenResourcesFiltering - Using platform encoding (UTF-8 actually) to copy filtered resources, i.e. build is platform dependent!
2024-08-22 11:37:47,287 [Worker-26: Building] INFO  o.a.m.s.f.DefaultMavenResourcesFiltering - skip non existing resourceDirectory C:\Users\Gabriel Caio\OneDrive\Área de Trabalho\100DaysOfCodeJava\Sprint6\Primeiros-Passos-jdbc\src\main\resources
2024-08-22 11:37:47,291 [Worker-26: Building] WARN  o.a.m.s.f.DefaultMavenResourcesFiltering - Using platform encoding (UTF-8 actually) to copy filtered resources, i.e. build is platform dependent!
2024-08-22 11:37:47,292 [Worker-26: Building] INFO  o.a.m.s.f.DefaultMavenResourcesFiltering - skip non existing resourceDirectory C:\Users\Gabriel Caio\OneDrive\Área de Trabalho\100DaysOfCodeJava\Sprint6\Primeiros-Passos-jdbc\src\test\resources
2024-08-22 11:37:49,271 [Worker-30: Building] WARN  o.a.m.s.f.DefaultMavenResourcesFiltering - Using platform encoding (UTF-8 actually) to copy filtered resources, i.e. build is platform dependent!
2024-08-22 11:37:49,272 [Worker-30: Building] INFO  o.a.m.s.f.DefaultMavenResourcesFiltering - skip non existing resourceDirectory C:\Users\Gabriel Caio\OneDrive\Área de Trabalho\100DaysOfCodeJava\Sprint6\Primeiros-Passos-jdbc\src\main\resources
2024-08-22 11:37:49,275 [Worker-30: Building] WARN  o.a.m.s.f.DefaultMavenResourcesFiltering - Using platform encoding (UTF-8 actually) to copy filtered resources, i.e. build is platform dependent!
2024-08-22 11:37:49,277 [Worker-30: Building] INFO  o.a.m.s.f.DefaultMavenResourcesFiltering - skip non existing resourceDirectory C:\Users\Gabriel Caio\OneDrive\Área de Trabalho\100DaysOfCodeJava\Sprint6\Primeiros-Passos-jdbc\src\test\resources
2024-08-22 11:37:57,697 [Worker-29: Building] INFO  o.e.m.c.i.l.LifecycleMappingFactory - Using org.eclipse.m2e.jdt.JarLifecycleMapping lifecycle mapping for MavenProject: jdbc:jdbc:0.0.1-SNAPSHOT @ C:\Users\Gabriel Caio\OneDrive\Área de Trabalho\100DaysOfCodeJava\Sprint6\Primeiros-Passos-jdbc\pom.xml.
2024-08-22 11:37:57,816 [Worker-29: Building] WARN  o.a.m.s.f.DefaultMavenResourcesFiltering - Using platform encoding (UTF-8 actually) to copy filtered resources, i.e. build is platform dependent!
2024-08-22 11:37:57,817 [Worker-29: Building] INFO  o.a.m.s.f.DefaultMavenResourcesFiltering - skip non existing resourceDirectory C:\Users\Gabriel Caio\OneDrive\Área de Trabalho\100DaysOfCodeJava\Sprint6\Primeiros-Passos-jdbc\src\main\resources
2024-08-22 11:37:57,822 [Worker-29: Building] WARN  o.a.m.s.f.DefaultMavenResourcesFiltering - Using platform encoding (UTF-8 actually) to copy filtered resources, i.e. build is platform dependent!
2024-08-22 11:37:57,823 [Worker-29: Building] INFO  o.a.m.s.f.DefaultMavenResourcesFiltering - skip non existing resourceDirectory C:\Users\Gabriel Caio\OneDrive\Área de Trabalho\100DaysOfCodeJava\Sprint6\Primeiros-Passos-jdbc\src\test\resources
2024-08-22 11:45:08,779 [Worker-33: Building] WARN  o.a.m.s.f.DefaultMavenResourcesFiltering - Using platform encoding (UTF-8 actually) to copy filtered resources, i.e. build is platform dependent!
2024-08-22 11:45:08,780 [Worker-33: Building] INFO  o.a.m.s.f.DefaultMavenResourcesFiltering - skip non existing resourceDirectory C:\Users\Gabriel Caio\OneDrive\Área de Trabalho\100DaysOfCodeJava\Sprint6\Primeiros-Passos-jdbc\src\main\resources
2024-08-22 11:45:08,783 [Worker-33: Building] WARN  o.a.m.s.f.DefaultMavenResourcesFiltering - Using platform encoding (UTF-8 actually) to copy filtered resources, i.e. build is platform dependent!
2024-08-22 11:45:08,784 [Worker-33: Building] INFO  o.a.m.s.f.DefaultMavenResourcesFiltering - skip non existing resourceDirectory C:\Users\Gabriel Caio\OneDrive\Área de Trabalho\100DaysOfCodeJava\Sprint6\Primeiros-Passos-jdbc\src\test\resources
2024-08-23 10:14:49,771 [Worker-1: Loading available Gradle versions] INFO  o.e.b.c.i.u.g.PublishedGradleVersions - Gradle version information cache is out-of-date. Trying to update.
2024-08-23 10:59:42,632 [Worker-21: Building] WARN  o.a.m.s.f.DefaultMavenResourcesFiltering - Using platform encoding (UTF-8 actually) to copy filtered resources, i.e. build is platform dependent!
2024-08-23 10:59:42,636 [Worker-21: Building] INFO  o.a.m.s.f.DefaultMavenResourcesFiltering - skip non existing resourceDirectory C:\Users\Gabriel Caio\OneDrive\Área de Trabalho\100DaysOfCodeJava\Sprint6\Primeiros-Passos-jdbc\src\main\resources
2024-08-23 10:59:42,641 [Worker-21: Building] WARN  o.a.m.s.f.DefaultMavenResourcesFiltering - Using platform encoding (UTF-8 actually) to copy filtered resources, i.e. build is platform dependent!
2024-08-23 10:59:42,642 [Worker-21: Building] INFO  o.a.m.s.f.DefaultMavenResourcesFiltering - skip non existing resourceDirectory C:\Users\Gabriel Caio\OneDrive\Área de Trabalho\100DaysOfCodeJava\Sprint6\Primeiros-Passos-jdbc\src\test\resources
2024-08-23 11:00:15,442 [Worker-21: Building] WARN  o.a.m.s.f.DefaultMavenResourcesFiltering - Using platform encoding (UTF-8 actually) to copy filtered resources, i.e. build is platform dependent!
2024-08-23 11:00:15,443 [Worker-21: Building] INFO  o.a.m.s.f.DefaultMavenResourcesFiltering - skip non existing resourceDirectory C:\Users\Gabriel Caio\OneDrive\Área de Trabalho\100DaysOfCodeJava\Sprint6\Primeiros-Passos-jdbc\src\main\resources
2024-08-23 11:00:15,447 [Worker-21: Building] WARN  o.a.m.s.f.DefaultMavenResourcesFiltering - Using platform encoding (UTF-8 actually) to copy filtered resources, i.e. build is platform dependent!
2024-08-23 11:00:15,448 [Worker-21: Building] INFO  o.a.m.s.f.DefaultMavenResourcesFiltering - skip non existing resourceDirectory C:\Users\Gabriel Caio\OneDrive\Área de Trabalho\100DaysOfCodeJava\Sprint6\Primeiros-Passos-jdbc\src\test\resources
2024-08-23 11:00:30,446 [Worker-20: Building] WARN  o.a.m.s.f.DefaultMavenResourcesFiltering - Using platform encoding (UTF-8 actually) to copy filtered resources, i.e. build is platform dependent!
2024-08-23 11:00:30,447 [Worker-20: Building] INFO  o.a.m.s.f.DefaultMavenResourcesFiltering - skip non existing resourceDirectory C:\Users\Gabriel Caio\OneDrive\Área de Trabalho\100DaysOfCodeJava\Sprint6\Primeiros-Passos-jdbc\src\main\resources
2024-08-23 11:00:30,451 [Worker-20: Building] WARN  o.a.m.s.f.DefaultMavenResourcesFiltering - Using platform encoding (UTF-8 actually) to copy filtered resources, i.e. build is platform dependent!
2024-08-23 11:00:30,453 [Worker-20: Building] INFO  o.a.m.s.f.DefaultMavenResourcesFiltering - skip non existing resourceDirectory C:\Users\Gabriel Caio\OneDrive\Área de Trabalho\100DaysOfCodeJava\Sprint6\Primeiros-Passos-jdbc\src\test\resources
2024-08-23 11:00:36,424 [Worker-20: Building] WARN  o.a.m.s.f.DefaultMavenResourcesFiltering - Using platform encoding (UTF-8 actually) to copy filtered resources, i.e. build is platform dependent!
2024-08-23 11:00:36,425 [Worker-20: Building] INFO  o.a.m.s.f.DefaultMavenResourcesFiltering - skip non existing resourceDirectory C:\Users\Gabriel Caio\OneDrive\Área de Trabalho\100DaysOfCodeJava\Sprint6\Primeiros-Passos-jdbc\src\main\resources
2024-08-23 11:00:36,428 [Worker-20: Building] WARN  o.a.m.s.f.DefaultMavenResourcesFiltering - Using platform encoding (UTF-8 actually) to copy filtered resources, i.e. build is platform dependent!
2024-08-23 11:00:36,429 [Worker-20: Building] INFO  o.a.m.s.f.DefaultMavenResourcesFiltering - skip non existing resourceDirectory C:\Users\Gabriel Caio\OneDrive\Área de Trabalho\100DaysOfCodeJava\Sprint6\Primeiros-Passos-jdbc\src\test\resources
2024-08-23 11:01:45,990 [Worker-22: Building] WARN  o.a.m.s.f.DefaultMavenResourcesFiltering - Using platform encoding (UTF-8 actually) to copy filtered resources, i.e. build is platform dependent!
2024-08-23 11:01:45,991 [Worker-22: Building] INFO  o.a.m.s.f.DefaultMavenResourcesFiltering - skip non existing resourceDirectory C:\Users\Gabriel Caio\OneDrive\Área de Trabalho\100DaysOfCodeJava\Sprint6\Primeiros-Passos-jdbc\src\main\resources
2024-08-23 11:01:45,995 [Worker-22: Building] WARN  o.a.m.s.f.DefaultMavenResourcesFiltering - Using platform encoding (UTF-8 actually) to copy filtered resources, i.e. build is platform dependent!
2024-08-23 11:01:45,996 [Worker-22: Building] INFO  o.a.m.s.f.DefaultMavenResourcesFiltering - skip non existing resourceDirectory C:\Users\Gabriel Caio\OneDrive\Área de Trabalho\100DaysOfCodeJava\Sprint6\Primeiros-Passos-jdbc\src\test\resources
2024-08-23 11:01:51,817 [Worker-20: Building] WARN  o.a.m.s.f.DefaultMavenResourcesFiltering - Using platform encoding (UTF-8 actually) to copy filtered resources, i.e. build is platform dependent!
2024-08-23 11:01:51,818 [Worker-20: Building] INFO  o.a.m.s.f.DefaultMavenResourcesFiltering - skip non existing resourceDirectory C:\Users\Gabriel Caio\OneDrive\Área de Trabalho\100DaysOfCodeJava\Sprint6\Primeiros-Passos-jdbc\src\main\resources
2024-08-23 11:01:51,821 [Worker-20: Building] WARN  o.a.m.s.f.DefaultMavenResourcesFiltering - Using platform encoding (UTF-8 actually) to copy filtered resources, i.e. build is platform dependent!
2024-08-23 11:01:51,822 [Worker-20: Building] INFO  o.a.m.s.f.DefaultMavenResourcesFiltering - skip non existing resourceDirectory C:\Users\Gabriel Caio\OneDrive\Área de Trabalho\100DaysOfCodeJava\Sprint6\Primeiros-Passos-jdbc\src\test\resources
2024-08-23 11:02:15,817 [Worker-20: Building] WARN  o.a.m.s.f.DefaultMavenResourcesFiltering - Using platform encoding (UTF-8 actually) to copy filtered resources, i.e. build is platform dependent!
2024-08-23 11:02:15,818 [Worker-20: Building] INFO  o.a.m.s.f.DefaultMavenResourcesFiltering - skip non existing resourceDirectory C:\Users\Gabriel Caio\OneDrive\Área de Trabalho\100DaysOfCodeJava\Sprint6\Primeiros-Passos-jdbc\src\main\resources
2024-08-23 11:02:15,820 [Worker-20: Building] WARN  o.a.m.s.f.DefaultMavenResourcesFiltering - Using platform encoding (UTF-8 actually) to copy filtered resources, i.e. build is platform dependent!
2024-08-23 11:02:15,821 [Worker-20: Building] INFO  o.a.m.s.f.DefaultMavenResourcesFiltering - skip non existing resourceDirectory C:\Users\Gabriel Caio\OneDrive\Área de Trabalho\100DaysOfCodeJava\Sprint6\Primeiros-Passos-jdbc\src\test\resources
2024-08-23 11:02:27,711 [Worker-0: Building] WARN  o.a.m.s.f.DefaultMavenResourcesFiltering - Using platform encoding (UTF-8 actually) to copy filtered resources, i.e. build is platform dependent!
2024-08-23 11:02:27,712 [Worker-0: Building] INFO  o.a.m.s.f.DefaultMavenResourcesFiltering - skip non existing resourceDirectory C:\Users\Gabriel Caio\OneDrive\Área de Trabalho\100DaysOfCodeJava\Sprint6\Primeiros-Passos-jdbc\src\main\resources
2024-08-23 11:02:27,717 [Worker-0: Building] WARN  o.a.m.s.f.DefaultMavenResourcesFiltering - Using platform encoding (UTF-8 actually) to copy filtered resources, i.e. build is platform dependent!
2024-08-23 11:02:27,718 [Worker-0: Building] INFO  o.a.m.s.f.DefaultMavenResourcesFiltering - skip non existing resourceDirectory C:\Users\Gabriel Caio\OneDrive\Área de Trabalho\100DaysOfCodeJava\Sprint6\Primeiros-Passos-jdbc\src\test\resources
2024-08-23 11:02:45,794 [Worker-22: Building] WARN  o.a.m.s.f.DefaultMavenResourcesFiltering - Using platform encoding (UTF-8 actually) to copy filtered resources, i.e. build is platform dependent!
2024-08-23 11:02:45,795 [Worker-22: Building] INFO  o.a.m.s.f.DefaultMavenResourcesFiltering - skip non existing resourceDirectory C:\Users\Gabriel Caio\OneDrive\Área de Trabalho\100DaysOfCodeJava\Sprint6\Primeiros-Passos-jdbc\src\main\resources
2024-08-23 11:02:45,798 [Worker-22: Building] WARN  o.a.m.s.f.DefaultMavenResourcesFiltering - Using platform encoding (UTF-8 actually) to copy filtered resources, i.e. build is platform dependent!
2024-08-23 11:02:45,799 [Worker-22: Building] INFO  o.a.m.s.f.DefaultMavenResourcesFiltering - skip non existing resourceDirectory C:\Users\Gabriel Caio\OneDrive\Área de Trabalho\100DaysOfCodeJava\Sprint6\Primeiros-Passos-jdbc\src\test\resources
2024-08-23 11:03:23,572 [Worker-20: Building] WARN  o.a.m.s.f.DefaultMavenResourcesFiltering - Using platform encoding (UTF-8 actually) to copy filtered resources, i.e. build is platform dependent!
2024-08-23 11:03:23,574 [Worker-20: Building] INFO  o.a.m.s.f.DefaultMavenResourcesFiltering - skip non existing resourceDirectory C:\Users\Gabriel Caio\OneDrive\Área de Trabalho\100DaysOfCodeJava\Sprint6\Primeiros-Passos-jdbc\src\main\resources
2024-08-23 11:03:23,577 [Worker-20: Building] WARN  o.a.m.s.f.DefaultMavenResourcesFiltering - Using platform encoding (UTF-8 actually) to copy filtered resources, i.e. build is platform dependent!
2024-08-23 11:03:23,579 [Worker-20: Building] INFO  o.a.m.s.f.DefaultMavenResourcesFiltering - skip non existing resourceDirectory C:\Users\Gabriel Caio\OneDrive\Área de Trabalho\100DaysOfCodeJava\Sprint6\Primeiros-Passos-jdbc\src\test\resources
2024-08-23 11:03:48,502 [Worker-22: Building] WARN  o.a.m.s.f.DefaultMavenResourcesFiltering - Using platform encoding (UTF-8 actually) to copy filtered resources, i.e. build is platform dependent!
2024-08-23 11:03:48,503 [Worker-22: Building] INFO  o.a.m.s.f.DefaultMavenResourcesFiltering - skip non existing resourceDirectory C:\Users\Gabriel Caio\OneDrive\Área de Trabalho\100DaysOfCodeJava\Sprint6\Primeiros-Passos-jdbc\src\main\resources
2024-08-23 11:03:48,507 [Worker-22: Building] WARN  o.a.m.s.f.DefaultMavenResourcesFiltering - Using platform encoding (UTF-8 actually) to copy filtered resources, i.e. build is platform dependent!
2024-08-23 11:03:48,509 [Worker-22: Building] INFO  o.a.m.s.f.DefaultMavenResourcesFiltering - skip non existing resourceDirectory C:\Users\Gabriel Caio\OneDrive\Área de Trabalho\100DaysOfCodeJava\Sprint6\Primeiros-Passos-jdbc\src\test\resources
2024-08-23 11:04:22,007 [Worker-21: Building] WARN  o.a.m.s.f.DefaultMavenResourcesFiltering - Using platform encoding (UTF-8 actually) to copy filtered resources, i.e. build is platform dependent!
2024-08-23 11:04:22,008 [Worker-21: Building] INFO  o.a.m.s.f.DefaultMavenResourcesFiltering - skip non existing resourceDirectory C:\Users\Gabriel Caio\OneDrive\Área de Trabalho\100DaysOfCodeJava\Sprint6\Primeiros-Passos-jdbc\src\main\resources
2024-08-23 11:04:22,011 [Worker-21: Building] WARN  o.a.m.s.f.DefaultMavenResourcesFiltering - Using platform encoding (UTF-8 actually) to copy filtered resources, i.e. build is platform dependent!
2024-08-23 11:04:22,012 [Worker-21: Building] INFO  o.a.m.s.f.DefaultMavenResourcesFiltering - skip non existing resourceDirectory C:\Users\Gabriel Caio\OneDrive\Área de Trabalho\100DaysOfCodeJava\Sprint6\Primeiros-Passos-jdbc\src\test\resources
2024-08-23 11:04:58,264 [Worker-20: Building] WARN  o.a.m.s.f.DefaultMavenResourcesFiltering - Using platform encoding (UTF-8 actually) to copy filtered resources, i.e. build is platform dependent!
2024-08-23 11:04:58,266 [Worker-20: Building] INFO  o.a.m.s.f.DefaultMavenResourcesFiltering - skip non existing resourceDirectory C:\Users\Gabriel Caio\OneDrive\Área de Trabalho\100DaysOfCodeJava\Sprint6\Primeiros-Passos-jdbc\src\main\resources
2024-08-23 11:04:58,269 [Worker-20: Building] WARN  o.a.m.s.f.DefaultMavenResourcesFiltering - Using platform encoding (UTF-8 actually) to copy filtered resources, i.e. build is platform dependent!
2024-08-23 11:04:58,270 [Worker-20: Building] INFO  o.a.m.s.f.DefaultMavenResourcesFiltering - skip non existing resourceDirectory C:\Users\Gabriel Caio\OneDrive\Área de Trabalho\100DaysOfCodeJava\Sprint6\Primeiros-Passos-jdbc\src\test\resources
2024-08-23 11:05:43,275 [Worker-20: Building] WARN  o.a.m.s.f.DefaultMavenResourcesFiltering - Using platform encoding (UTF-8 actually) to copy filtered resources, i.e. build is platform dependent!
2024-08-23 11:05:43,276 [Worker-20: Building] INFO  o.a.m.s.f.DefaultMavenResourcesFiltering - skip non existing resourceDirectory C:\Users\Gabriel Caio\OneDrive\Área de Trabalho\100DaysOfCodeJava\Sprint6\Primeiros-Passos-jdbc\src\main\resources
2024-08-23 11:05:43,279 [Worker-20: Building] WARN  o.a.m.s.f.DefaultMavenResourcesFiltering - Using platform encoding (UTF-8 actually) to copy filtered resources, i.e. build is platform dependent!
2024-08-23 11:05:43,280 [Worker-20: Building] INFO  o.a.m.s.f.DefaultMavenResourcesFiltering - skip non existing resourceDirectory C:\Users\Gabriel Caio\OneDrive\Área de Trabalho\100DaysOfCodeJava\Sprint6\Primeiros-Passos-jdbc\src\test\resources
2024-08-23 11:05:54,413 [Worker-24: Building] WARN  o.a.m.s.f.DefaultMavenResourcesFiltering - Using platform encoding (UTF-8 actually) to copy filtered resources, i.e. build is platform dependent!
2024-08-23 11:05:54,414 [Worker-24: Building] INFO  o.a.m.s.f.DefaultMavenResourcesFiltering - skip non existing resourceDirectory C:\Users\Gabriel Caio\OneDrive\Área de Trabalho\100DaysOfCodeJava\Sprint6\Primeiros-Passos-jdbc\src\main\resources
2024-08-23 11:05:54,419 [Worker-24: Building] WARN  o.a.m.s.f.DefaultMavenResourcesFiltering - Using platform encoding (UTF-8 actually) to copy filtered resources, i.e. build is platform dependent!
2024-08-23 11:05:54,420 [Worker-24: Building] INFO  o.a.m.s.f.DefaultMavenResourcesFiltering - skip non existing resourceDirectory C:\Users\Gabriel Caio\OneDrive\Área de Trabalho\100DaysOfCodeJava\Sprint6\Primeiros-Passos-jdbc\src\test\resources
2024-08-23 11:06:02,082 [Worker-24: Building] WARN  o.a.m.s.f.DefaultMavenResourcesFiltering - Using platform encoding (UTF-8 actually) to copy filtered resources, i.e. build is platform dependent!
2024-08-23 11:06:02,083 [Worker-24: Building] INFO  o.a.m.s.f.DefaultMavenResourcesFiltering - skip non existing resourceDirectory C:\Users\Gabriel Caio\OneDrive\Área de Trabalho\100DaysOfCodeJava\Sprint6\Primeiros-Passos-jdbc\src\main\resources
2024-08-23 11:06:02,088 [Worker-24: Building] WARN  o.a.m.s.f.DefaultMavenResourcesFiltering - Using platform encoding (UTF-8 actually) to copy filtered resources, i.e. build is platform dependent!
2024-08-23 11:06:02,089 [Worker-24: Building] INFO  o.a.m.s.f.DefaultMavenResourcesFiltering - skip non existing resourceDirectory C:\Users\Gabriel Caio\OneDrive\Área de Trabalho\100DaysOfCodeJava\Sprint6\Primeiros-Passos-jdbc\src\test\resources
2024-08-23 11:06:41,839 [Worker-17: Building] WARN  o.a.m.s.f.DefaultMavenResourcesFiltering - Using platform encoding (UTF-8 actually) to copy filtered resources, i.e. build is platform dependent!
2024-08-23 11:06:41,840 [Worker-17: Building] INFO  o.a.m.s.f.DefaultMavenResourcesFiltering - skip non existing resourceDirectory C:\Users\Gabriel Caio\OneDrive\Área de Trabalho\100DaysOfCodeJava\Sprint6\Primeiros-Passos-jdbc\src\main\resources
2024-08-23 11:06:41,843 [Worker-17: Building] WARN  o.a.m.s.f.DefaultMavenResourcesFiltering - Using platform encoding (UTF-8 actually) to copy filtered resources, i.e. build is platform dependent!
2024-08-23 11:06:41,844 [Worker-17: Building] INFO  o.a.m.s.f.DefaultMavenResourcesFiltering - skip non existing resourceDirectory C:\Users\Gabriel Caio\OneDrive\Área de Trabalho\100DaysOfCodeJava\Sprint6\Primeiros-Passos-jdbc\src\test\resources
2024-08-23 11:06:48,542 [Worker-23: Building] WARN  o.a.m.s.f.DefaultMavenResourcesFiltering - Using platform encoding (UTF-8 actually) to copy filtered resources, i.e. build is platform dependent!
2024-08-23 11:06:48,543 [Worker-23: Building] INFO  o.a.m.s.f.DefaultMavenResourcesFiltering - skip non existing resourceDirectory C:\Users\Gabriel Caio\OneDrive\Área de Trabalho\100DaysOfCodeJava\Sprint6\Primeiros-Passos-jdbc\src\main\resources
2024-08-23 11:06:48,547 [Worker-23: Building] WARN  o.a.m.s.f.DefaultMavenResourcesFiltering - Using platform encoding (UTF-8 actually) to copy filtered resources, i.e. build is platform dependent!
2024-08-23 11:06:48,549 [Worker-23: Building] INFO  o.a.m.s.f.DefaultMavenResourcesFiltering - skip non existing resourceDirectory C:\Users\Gabriel Caio\OneDrive\Área de Trabalho\100DaysOfCodeJava\Sprint6\Primeiros-Passos-jdbc\src\test\resources
2024-08-23 11:06:59,732 [Worker-24: Building] WARN  o.a.m.s.f.DefaultMavenResourcesFiltering - Using platform encoding (UTF-8 actually) to copy filtered resources, i.e. build is platform dependent!
2024-08-23 11:06:59,733 [Worker-24: Building] INFO  o.a.m.s.f.DefaultMavenResourcesFiltering - skip non existing resourceDirectory C:\Users\Gabriel Caio\OneDrive\Área de Trabalho\100DaysOfCodeJava\Sprint6\Primeiros-Passos-jdbc\src\main\resources
2024-08-23 11:06:59,735 [Worker-24: Building] WARN  o.a.m.s.f.DefaultMavenResourcesFiltering - Using platform encoding (UTF-8 actually) to copy filtered resources, i.e. build is platform dependent!
2024-08-23 11:06:59,736 [Worker-24: Building] INFO  o.a.m.s.f.DefaultMavenResourcesFiltering - skip non existing resourceDirectory C:\Users\Gabriel Caio\OneDrive\Área de Trabalho\100DaysOfCodeJava\Sprint6\Primeiros-Passos-jdbc\src\test\resources
2024-08-23 11:15:35,474 [Worker-28: Building] WARN  o.a.m.s.f.DefaultMavenResourcesFiltering - Using platform encoding (UTF-8 actually) to copy filtered resources, i.e. build is platform dependent!
2024-08-23 11:15:35,476 [Worker-28: Building] INFO  o.a.m.s.f.DefaultMavenResourcesFiltering - skip non existing resourceDirectory C:\Users\Gabriel Caio\OneDrive\Área de Trabalho\100DaysOfCodeJava\Sprint6\Primeiros-Passos-jdbc\src\main\resources
2024-08-23 11:15:35,479 [Worker-28: Building] WARN  o.a.m.s.f.DefaultMavenResourcesFiltering - Using platform encoding (UTF-8 actually) to copy filtered resources, i.e. build is platform dependent!
2024-08-23 11:15:35,480 [Worker-28: Building] INFO  o.a.m.s.f.DefaultMavenResourcesFiltering - skip non existing resourceDirectory C:\Users\Gabriel Caio\OneDrive\Área de Trabalho\100DaysOfCodeJava\Sprint6\Primeiros-Passos-jdbc\src\test\resources
2024-08-23 11:20:19,220 [Worker-33: Building] WARN  o.a.m.s.f.DefaultMavenResourcesFiltering - Using platform encoding (UTF-8 actually) to copy filtered resources, i.e. build is platform dependent!
2024-08-23 11:20:19,236 [Worker-33: Building] INFO  o.a.m.s.f.DefaultMavenResourcesFiltering - skip non existing resourceDirectory C:\Users\Gabriel Caio\OneDrive\Área de Trabalho\100DaysOfCodeJava\Sprint6\Primeiros-Passos-jdbc\src\main\resources
2024-08-23 11:20:19,236 [Worker-33: Building] WARN  o.a.m.s.f.DefaultMavenResourcesFiltering - Using platform encoding (UTF-8 actually) to copy filtered resources, i.e. build is platform dependent!
2024-08-23 11:20:19,236 [Worker-33: Building] INFO  o.a.m.s.f.DefaultMavenResourcesFiltering - skip non existing resourceDirectory C:\Users\Gabriel Caio\OneDrive\Área de Trabalho\100DaysOfCodeJava\Sprint6\Primeiros-Passos-jdbc\src\test\resources
2024-08-23 11:21:01,613 [Worker-35: Building] WARN  o.a.m.s.f.DefaultMavenResourcesFiltering - Using platform encoding (UTF-8 actually) to copy filtered resources, i.e. build is platform dependent!
2024-08-23 11:21:01,614 [Worker-35: Building] INFO  o.a.m.s.f.DefaultMavenResourcesFiltering - skip non existing resourceDirectory C:\Users\Gabriel Caio\OneDrive\Área de Trabalho\100DaysOfCodeJava\Sprint6\Primeiros-Passos-jdbc\src\main\resources
2024-08-23 11:21:01,617 [Worker-35: Building] WARN  o.a.m.s.f.DefaultMavenResourcesFiltering - Using platform encoding (UTF-8 actually) to copy filtered resources, i.e. build is platform dependent!
2024-08-23 11:21:01,618 [Worker-35: Building] INFO  o.a.m.s.f.DefaultMavenResourcesFiltering - skip non existing resourceDirectory C:\Users\Gabriel Caio\OneDrive\Área de Trabalho\100DaysOfCodeJava\Sprint6\Primeiros-Passos-jdbc\src\test\resources
2024-08-23 11:22:15,458 [Worker-32: Building] WARN  o.a.m.s.f.DefaultMavenResourcesFiltering - Using platform encoding (UTF-8 actually) to copy filtered resources, i.e. build is platform dependent!
2024-08-23 11:22:15,459 [Worker-32: Building] INFO  o.a.m.s.f.DefaultMavenResourcesFiltering - skip non existing resourceDirectory C:\Users\Gabriel Caio\OneDrive\Área de Trabalho\100DaysOfCodeJava\Sprint6\Primeiros-Passos-jdbc\src\main\resources
2024-08-23 11:22:15,463 [Worker-32: Building] WARN  o.a.m.s.f.DefaultMavenResourcesFiltering - Using platform encoding (UTF-8 actually) to copy filtered resources, i.e. build is platform dependent!
2024-08-23 11:22:15,464 [Worker-32: Building] INFO  o.a.m.s.f.DefaultMavenResourcesFiltering - skip non existing resourceDirectory C:\Users\Gabriel Caio\OneDrive\Área de Trabalho\100DaysOfCodeJava\Sprint6\Primeiros-Passos-jdbc\src\test\resources
2024-08-23 11:25:04,723 [Worker-33: Building] WARN  o.a.m.s.f.DefaultMavenResourcesFiltering - Using platform encoding (UTF-8 actually) to copy filtered resources, i.e. build is platform dependent!
2024-08-23 11:25:04,724 [Worker-33: Building] INFO  o.a.m.s.f.DefaultMavenResourcesFiltering - skip non existing resourceDirectory C:\Users\Gabriel Caio\OneDrive\Área de Trabalho\100DaysOfCodeJava\Sprint6\Primeiros-Passos-jdbc\src\main\resources
2024-08-23 11:25:04,726 [Worker-33: Building] WARN  o.a.m.s.f.DefaultMavenResourcesFiltering - Using platform encoding (UTF-8 actually) to copy filtered resources, i.e. build is platform dependent!
2024-08-23 11:25:04,727 [Worker-33: Building] INFO  o.a.m.s.f.DefaultMavenResourcesFiltering - skip non existing resourceDirectory C:\Users\Gabriel Caio\OneDrive\Área de Trabalho\100DaysOfCodeJava\Sprint6\Primeiros-Passos-jdbc\src\test\resources
2024-08-23 11:25:24,808 [Worker-34: Building] WARN  o.a.m.s.f.DefaultMavenResourcesFiltering - Using platform encoding (UTF-8 actually) to copy filtered resources, i.e. build is platform dependent!
2024-08-23 11:25:24,809 [Worker-34: Building] INFO  o.a.m.s.f.DefaultMavenResourcesFiltering - skip non existing resourceDirectory C:\Users\Gabriel Caio\OneDrive\Área de Trabalho\100DaysOfCodeJava\Sprint6\Primeiros-Passos-jdbc\src\main\resources
2024-08-23 11:25:24,812 [Worker-34: Building] WARN  o.a.m.s.f.DefaultMavenResourcesFiltering - Using platform encoding (UTF-8 actually) to copy filtered resources, i.e. build is platform dependent!
2024-08-23 11:25:24,813 [Worker-34: Building] INFO  o.a.m.s.f.DefaultMavenResourcesFiltering - skip non existing resourceDirectory C:\Users\Gabriel Caio\OneDrive\Área de Trabalho\100DaysOfCodeJava\Sprint6\Primeiros-Passos-jdbc\src\test\resources
2024-08-23 11:27:02,885 [Worker-32: Building] WARN  o.a.m.s.f.DefaultMavenResourcesFiltering - Using platform encoding (UTF-8 actually) to copy filtered resources, i.e. build is platform dependent!
2024-08-23 11:27:02,887 [Worker-32: Building] INFO  o.a.m.s.f.DefaultMavenResourcesFiltering - skip non existing resourceDirectory C:\Users\Gabriel Caio\OneDrive\Área de Trabalho\100DaysOfCodeJava\Sprint6\Primeiros-Passos-jdbc\src\main\resources
2024-08-23 11:27:02,890 [Worker-32: Building] WARN  o.a.m.s.f.DefaultMavenResourcesFiltering - Using platform encoding (UTF-8 actually) to copy filtered resources, i.e. build is platform dependent!
2024-08-23 11:27:02,891 [Worker-32: Building] INFO  o.a.m.s.f.DefaultMavenResourcesFiltering - skip non existing resourceDirectory C:\Users\Gabriel Caio\OneDrive\Área de Trabalho\100DaysOfCodeJava\Sprint6\Primeiros-Passos-jdbc\src\test\resources
2024-08-23 11:27:13,161 [Worker-35: Building] WARN  o.a.m.s.f.DefaultMavenResourcesFiltering - Using platform encoding (UTF-8 actually) to copy filtered resources, i.e. build is platform dependent!
2024-08-23 11:27:13,162 [Worker-35: Building] INFO  o.a.m.s.f.DefaultMavenResourcesFiltering - skip non existing resourceDirectory C:\Users\Gabriel Caio\OneDrive\Área de Trabalho\100DaysOfCodeJava\Sprint6\Primeiros-Passos-jdbc\src\main\resources
2024-08-23 11:27:13,164 [Worker-35: Building] WARN  o.a.m.s.f.DefaultMavenResourcesFiltering - Using platform encoding (UTF-8 actually) to copy filtered resources, i.e. build is platform dependent!
2024-08-23 11:27:13,165 [Worker-35: Building] INFO  o.a.m.s.f.DefaultMavenResourcesFiltering - skip non existing resourceDirectory C:\Users\Gabriel Caio\OneDrive\Área de Trabalho\100DaysOfCodeJava\Sprint6\Primeiros-Passos-jdbc\src\test\resources
2024-08-23 11:28:31,478 [Worker-30: Building] WARN  o.a.m.s.f.DefaultMavenResourcesFiltering - Using platform encoding (UTF-8 actually) to copy filtered resources, i.e. build is platform dependent!
2024-08-23 11:28:31,480 [Worker-30: Building] INFO  o.a.m.s.f.DefaultMavenResourcesFiltering - skip non existing resourceDirectory C:\Users\Gabriel Caio\OneDrive\Área de Trabalho\100DaysOfCodeJava\Sprint6\Primeiros-Passos-jdbc\src\main\resources
2024-08-23 11:28:31,484 [Worker-30: Building] WARN  o.a.m.s.f.DefaultMavenResourcesFiltering - Using platform encoding (UTF-8 actually) to copy filtered resources, i.e. build is platform dependent!
2024-08-23 11:28:31,485 [Worker-30: Building] INFO  o.a.m.s.f.DefaultMavenResourcesFiltering - skip non existing resourceDirectory C:\Users\Gabriel Caio\OneDrive\Área de Trabalho\100DaysOfCodeJava\Sprint6\Primeiros-Passos-jdbc\src\test\resources
2024-08-23 11:43:43,860 [Worker-44: Building] WARN  o.a.m.s.f.DefaultMavenResourcesFiltering - Using platform encoding (UTF-8 actually) to copy filtered resources, i.e. build is platform dependent!
2024-08-23 11:43:43,861 [Worker-44: Building] INFO  o.a.m.s.f.DefaultMavenResourcesFiltering - skip non existing resourceDirectory C:\Users\Gabriel Caio\OneDrive\Área de Trabalho\100DaysOfCodeJava\Sprint6\Primeiros-Passos-jdbc\src\main\resources
2024-08-23 11:43:43,863 [Worker-44: Building] WARN  o.a.m.s.f.DefaultMavenResourcesFiltering - Using platform encoding (UTF-8 actually) to copy filtered resources, i.e. build is platform dependent!
2024-08-23 11:43:43,864 [Worker-44: Building] INFO  o.a.m.s.f.DefaultMavenResourcesFiltering - skip non existing resourceDirectory C:\Users\Gabriel Caio\OneDrive\Área de Trabalho\100DaysOfCodeJava\Sprint6\Primeiros-Passos-jdbc\src\test\resources
2024-08-23 11:44:55,878 [Worker-43: Building] WARN  o.a.m.s.f.DefaultMavenResourcesFiltering - Using platform encoding (UTF-8 actually) to copy filtered resources, i.e. build is platform dependent!
2024-08-23 11:44:55,880 [Worker-43: Building] INFO  o.a.m.s.f.DefaultMavenResourcesFiltering - skip non existing resourceDirectory C:\Users\Gabriel Caio\OneDrive\Área de Trabalho\100DaysOfCodeJava\Sprint6\Primeiros-Passos-jdbc\src\main\resources
2024-08-23 11:44:55,884 [Worker-43: Building] WARN  o.a.m.s.f.DefaultMavenResourcesFiltering - Using platform encoding (UTF-8 actually) to copy filtered resources, i.e. build is platform dependent!
2024-08-23 11:44:55,885 [Worker-43: Building] INFO  o.a.m.s.f.DefaultMavenResourcesFiltering - skip non existing resourceDirectory C:\Users\Gabriel Caio\OneDrive\Área de Trabalho\100DaysOfCodeJava\Sprint6\Primeiros-Passos-jdbc\src\test\resources
2024-08-23 11:45:01,925 [Worker-42: Building] WARN  o.a.m.s.f.DefaultMavenResourcesFiltering - Using platform encoding (UTF-8 actually) to copy filtered resources, i.e. build is platform dependent!
2024-08-23 11:45:01,926 [Worker-42: Building] INFO  o.a.m.s.f.DefaultMavenResourcesFiltering - skip non existing resourceDirectory C:\Users\Gabriel Caio\OneDrive\Área de Trabalho\100DaysOfCodeJava\Sprint6\Primeiros-Passos-jdbc\src\main\resources
2024-08-23 11:45:01,928 [Worker-42: Building] WARN  o.a.m.s.f.DefaultMavenResourcesFiltering - Using platform encoding (UTF-8 actually) to copy filtered resources, i.e. build is platform dependent!
2024-08-23 11:45:01,929 [Worker-42: Building] INFO  o.a.m.s.f.DefaultMavenResourcesFiltering - skip non existing resourceDirectory C:\Users\Gabriel Caio\OneDrive\Área de Trabalho\100DaysOfCodeJava\Sprint6\Primeiros-Passos-jdbc\src\test\resources
2024-08-23 11:45:53,575 [Worker-39: Building] WARN  o.a.m.s.f.DefaultMavenResourcesFiltering - Using platform encoding (UTF-8 actually) to copy filtered resources, i.e. build is platform dependent!
2024-08-23 11:45:53,576 [Worker-39: Building] INFO  o.a.m.s.f.DefaultMavenResourcesFiltering - skip non existing resourceDirectory C:\Users\Gabriel Caio\OneDrive\Área de Trabalho\100DaysOfCodeJava\Sprint6\Primeiros-Passos-jdbc\src\main\resources
2024-08-23 11:45:53,579 [Worker-39: Building] WARN  o.a.m.s.f.DefaultMavenResourcesFiltering - Using platform encoding (UTF-8 actually) to copy filtered resources, i.e. build is platform dependent!
2024-08-23 11:45:53,580 [Worker-39: Building] INFO  o.a.m.s.f.DefaultMavenResourcesFiltering - skip non existing resourceDirectory C:\Users\Gabriel Caio\OneDrive\Área de Trabalho\100DaysOfCodeJava\Sprint6\Primeiros-Passos-jdbc\src\test\resources
2024-08-23 12:07:31,794 [Worker-49: Building] WARN  o.a.m.s.f.DefaultMavenResourcesFiltering - Using platform encoding (UTF-8 actually) to copy filtered resources, i.e. build is platform dependent!
2024-08-23 12:07:31,796 [Worker-49: Building] INFO  o.a.m.s.f.DefaultMavenResourcesFiltering - skip non existing resourceDirectory C:\Users\Gabriel Caio\OneDrive\Área de Trabalho\100DaysOfCodeJava\Sprint6\Primeiros-Passos-jdbc\src\main\resources
2024-08-23 12:07:31,799 [Worker-49: Building] WARN  o.a.m.s.f.DefaultMavenResourcesFiltering - Using platform encoding (UTF-8 actually) to copy filtered resources, i.e. build is platform dependent!
2024-08-23 12:07:31,801 [Worker-49: Building] INFO  o.a.m.s.f.DefaultMavenResourcesFiltering - skip non existing resourceDirectory C:\Users\Gabriel Caio\OneDrive\Área de Trabalho\100DaysOfCodeJava\Sprint6\Primeiros-Passos-jdbc\src\test\resources
2024-08-23 12:09:00,935 [Worker-50: Building] WARN  o.a.m.s.f.DefaultMavenResourcesFiltering - Using platform encoding (UTF-8 actually) to copy filtered resources, i.e. build is platform dependent!
2024-08-23 12:09:00,936 [Worker-50: Building] INFO  o.a.m.s.f.DefaultMavenResourcesFiltering - skip non existing resourceDirectory C:\Users\Gabriel Caio\OneDrive\Área de Trabalho\100DaysOfCodeJava\Sprint6\Primeiros-Passos-jdbc\src\main\resources
2024-08-23 12:09:00,940 [Worker-50: Building] WARN  o.a.m.s.f.DefaultMavenResourcesFiltering - Using platform encoding (UTF-8 actually) to copy filtered resources, i.e. build is platform dependent!
2024-08-23 12:09:00,941 [Worker-50: Building] INFO  o.a.m.s.f.DefaultMavenResourcesFiltering - skip non existing resourceDirectory C:\Users\Gabriel Caio\OneDrive\Área de Trabalho\100DaysOfCodeJava\Sprint6\Primeiros-Passos-jdbc\src\test\resources
2024-08-23 12:09:19,551 [Worker-46: Building] WARN  o.a.m.s.f.DefaultMavenResourcesFiltering - Using platform encoding (UTF-8 actually) to copy filtered resources, i.e. build is platform dependent!
2024-08-23 12:09:19,552 [Worker-46: Building] INFO  o.a.m.s.f.DefaultMavenResourcesFiltering - skip non existing resourceDirectory C:\Users\Gabriel Caio\OneDrive\Área de Trabalho\100DaysOfCodeJava\Sprint6\Primeiros-Passos-jdbc\src\main\resources
2024-08-23 12:09:19,555 [Worker-46: Building] WARN  o.a.m.s.f.DefaultMavenResourcesFiltering - Using platform encoding (UTF-8 actually) to copy filtered resources, i.e. build is platform dependent!
2024-08-23 12:09:19,556 [Worker-46: Building] INFO  o.a.m.s.f.DefaultMavenResourcesFiltering - skip non existing resourceDirectory C:\Users\Gabriel Caio\OneDrive\Área de Trabalho\100DaysOfCodeJava\Sprint6\Primeiros-Passos-jdbc\src\test\resources
2024-08-23 12:09:50,637 [Worker-50: Building] WARN  o.a.m.s.f.DefaultMavenResourcesFiltering - Using platform encoding (UTF-8 actually) to copy filtered resources, i.e. build is platform dependent!
2024-08-23 12:09:50,638 [Worker-50: Building] INFO  o.a.m.s.f.DefaultMavenResourcesFiltering - skip non existing resourceDirectory C:\Users\Gabriel Caio\OneDrive\Área de Trabalho\100DaysOfCodeJava\Sprint6\Primeiros-Passos-jdbc\src\main\resources
2024-08-23 12:09:50,640 [Worker-50: Building] WARN  o.a.m.s.f.DefaultMavenResourcesFiltering - Using platform encoding (UTF-8 actually) to copy filtered resources, i.e. build is platform dependent!
2024-08-23 12:09:50,641 [Worker-50: Building] INFO  o.a.m.s.f.DefaultMavenResourcesFiltering - skip non existing resourceDirectory C:\Users\Gabriel Caio\OneDrive\Área de Trabalho\100DaysOfCodeJava\Sprint6\Primeiros-Passos-jdbc\src\test\resources
2024-08-23 12:12:16,616 [Worker-48: Building] WARN  o.a.m.s.f.DefaultMavenResourcesFiltering - Using platform encoding (UTF-8 actually) to copy filtered resources, i.e. build is platform dependent!
2024-08-23 12:12:16,618 [Worker-48: Building] INFO  o.a.m.s.f.DefaultMavenResourcesFiltering - skip non existing resourceDirectory C:\Users\Gabriel Caio\OneDrive\Área de Trabalho\100DaysOfCodeJava\Sprint6\Primeiros-Passos-jdbc\src\main\resources
2024-08-23 12:12:16,622 [Worker-48: Building] WARN  o.a.m.s.f.DefaultMavenResourcesFiltering - Using platform encoding (UTF-8 actually) to copy filtered resources, i.e. build is platform dependent!
2024-08-23 12:12:16,623 [Worker-48: Building] INFO  o.a.m.s.f.DefaultMavenResourcesFiltering - skip non existing resourceDirectory C:\Users\Gabriel Caio\OneDrive\Área de Trabalho\100DaysOfCodeJava\Sprint6\Primeiros-Passos-jdbc\src\test\resources
2024-08-23 12:12:30,609 [Worker-48: Building] WARN  o.a.m.s.f.DefaultMavenResourcesFiltering - Using platform encoding (UTF-8 actually) to copy filtered resources, i.e. build is platform dependent!
2024-08-23 12:12:30,610 [Worker-48: Building] INFO  o.a.m.s.f.DefaultMavenResourcesFiltering - skip non existing resourceDirectory C:\Users\Gabriel Caio\OneDrive\Área de Trabalho\100DaysOfCodeJava\Sprint6\Primeiros-Passos-jdbc\src\main\resources
2024-08-23 12:12:30,612 [Worker-48: Building] WARN  o.a.m.s.f.DefaultMavenResourcesFiltering - Using platform encoding (UTF-8 actually) to copy filtered resources, i.e. build is platform dependent!
2024-08-23 12:12:30,613 [Worker-48: Building] INFO  o.a.m.s.f.DefaultMavenResourcesFiltering - skip non existing resourceDirectory C:\Users\Gabriel Caio\OneDrive\Área de Trabalho\100DaysOfCodeJava\Sprint6\Primeiros-Passos-jdbc\src\test\resources
2024-08-23 12:12:58,019 [Worker-53: Building] WARN  o.a.m.s.f.DefaultMavenResourcesFiltering - Using platform encoding (UTF-8 actually) to copy filtered resources, i.e. build is platform dependent!
2024-08-23 12:12:58,020 [Worker-53: Building] INFO  o.a.m.s.f.DefaultMavenResourcesFiltering - skip non existing resourceDirectory C:\Users\Gabriel Caio\OneDrive\Área de Trabalho\100DaysOfCodeJava\Sprint6\Primeiros-Passos-jdbc\src\main\resources
2024-08-23 12:12:58,023 [Worker-53: Building] WARN  o.a.m.s.f.DefaultMavenResourcesFiltering - Using platform encoding (UTF-8 actually) to copy filtered resources, i.e. build is platform dependent!
2024-08-23 12:12:58,024 [Worker-53: Building] INFO  o.a.m.s.f.DefaultMavenResourcesFiltering - skip non existing resourceDirectory C:\Users\Gabriel Caio\OneDrive\Área de Trabalho\100DaysOfCodeJava\Sprint6\Primeiros-Passos-jdbc\src\test\resources
2024-08-23 12:13:45,799 [Worker-46: Building] WARN  o.a.m.s.f.DefaultMavenResourcesFiltering - Using platform encoding (UTF-8 actually) to copy filtered resources, i.e. build is platform dependent!
2024-08-23 12:13:45,800 [Worker-46: Building] INFO  o.a.m.s.f.DefaultMavenResourcesFiltering - skip non existing resourceDirectory C:\Users\Gabriel Caio\OneDrive\Área de Trabalho\100DaysOfCodeJava\Sprint6\Primeiros-Passos-jdbc\src\main\resources
2024-08-23 12:13:45,803 [Worker-46: Building] WARN  o.a.m.s.f.DefaultMavenResourcesFiltering - Using platform encoding (UTF-8 actually) to copy filtered resources, i.e. build is platform dependent!
2024-08-23 12:13:45,804 [Worker-46: Building] INFO  o.a.m.s.f.DefaultMavenResourcesFiltering - skip non existing resourceDirectory C:\Users\Gabriel Caio\OneDrive\Área de Trabalho\100DaysOfCodeJava\Sprint6\Primeiros-Passos-jdbc\src\test\resources
2024-08-23 12:14:21,758 [Worker-53: Building] WARN  o.a.m.s.f.DefaultMavenResourcesFiltering - Using platform encoding (UTF-8 actually) to copy filtered resources, i.e. build is platform dependent!
2024-08-23 12:14:21,758 [Worker-53: Building] INFO  o.a.m.s.f.DefaultMavenResourcesFiltering - skip non existing resourceDirectory C:\Users\Gabriel Caio\OneDrive\Área de Trabalho\100DaysOfCodeJava\Sprint6\Primeiros-Passos-jdbc\src\main\resources
2024-08-23 12:14:21,761 [Worker-53: Building] WARN  o.a.m.s.f.DefaultMavenResourcesFiltering - Using platform encoding (UTF-8 actually) to copy filtered resources, i.e. build is platform dependent!
2024-08-23 12:14:21,762 [Worker-53: Building] INFO  o.a.m.s.f.DefaultMavenResourcesFiltering - skip non existing resourceDirectory C:\Users\Gabriel Caio\OneDrive\Área de Trabalho\100DaysOfCodeJava\Sprint6\Primeiros-Passos-jdbc\src\test\resources
2024-08-23 12:14:37,372 [Worker-48: Building] WARN  o.a.m.s.f.DefaultMavenResourcesFiltering - Using platform encoding (UTF-8 actually) to copy filtered resources, i.e. build is platform dependent!
2024-08-23 12:14:37,373 [Worker-48: Building] INFO  o.a.m.s.f.DefaultMavenResourcesFiltering - skip non existing resourceDirectory C:\Users\Gabriel Caio\OneDrive\Área de Trabalho\100DaysOfCodeJava\Sprint6\Primeiros-Passos-jdbc\src\main\resources
2024-08-23 12:14:37,375 [Worker-48: Building] WARN  o.a.m.s.f.DefaultMavenResourcesFiltering - Using platform encoding (UTF-8 actually) to copy filtered resources, i.e. build is platform dependent!
2024-08-23 12:14:37,376 [Worker-48: Building] INFO  o.a.m.s.f.DefaultMavenResourcesFiltering - skip non existing resourceDirectory C:\Users\Gabriel Caio\OneDrive\Área de Trabalho\100DaysOfCodeJava\Sprint6\Primeiros-Passos-jdbc\src\test\resources
2024-08-23 12:16:22,343 [Worker-55: Building] WARN  o.a.m.s.f.DefaultMavenResourcesFiltering - Using platform encoding (UTF-8 actually) to copy filtered resources, i.e. build is platform dependent!
2024-08-23 12:16:22,345 [Worker-55: Building] INFO  o.a.m.s.f.DefaultMavenResourcesFiltering - skip non existing resourceDirectory C:\Users\Gabriel Caio\OneDrive\Área de Trabalho\100DaysOfCodeJava\Sprint6\Primeiros-Passos-jdbc\src\main\resources
2024-08-23 12:16:22,348 [Worker-55: Building] WARN  o.a.m.s.f.DefaultMavenResourcesFiltering - Using platform encoding (UTF-8 actually) to copy filtered resources, i.e. build is platform dependent!
2024-08-23 12:16:22,349 [Worker-55: Building] INFO  o.a.m.s.f.DefaultMavenResourcesFiltering - skip non existing resourceDirectory C:\Users\Gabriel Caio\OneDrive\Área de Trabalho\100DaysOfCodeJava\Sprint6\Primeiros-Passos-jdbc\src\test\resources
2024-08-23 12:17:22,018 [Worker-54: Building] WARN  o.a.m.s.f.DefaultMavenResourcesFiltering - Using platform encoding (UTF-8 actually) to copy filtered resources, i.e. build is platform dependent!
2024-08-23 12:17:22,019 [Worker-54: Building] INFO  o.a.m.s.f.DefaultMavenResourcesFiltering - skip non existing resourceDirectory C:\Users\Gabriel Caio\OneDrive\Área de Trabalho\100DaysOfCodeJava\Sprint6\Primeiros-Passos-jdbc\src\main\resources
2024-08-23 12:17:22,022 [Worker-54: Building] WARN  o.a.m.s.f.DefaultMavenResourcesFiltering - Using platform encoding (UTF-8 actually) to copy filtered resources, i.e. build is platform dependent!
2024-08-23 12:17:22,023 [Worker-54: Building] INFO  o.a.m.s.f.DefaultMavenResourcesFiltering - skip non existing resourceDirectory C:\Users\Gabriel Caio\OneDrive\Área de Trabalho\100DaysOfCodeJava\Sprint6\Primeiros-Passos-jdbc\src\test\resources
2024-08-23 12:30:21,347 [Worker-55: Building] WARN  o.a.m.s.f.DefaultMavenResourcesFiltering - Using platform encoding (UTF-8 actually) to copy filtered resources, i.e. build is platform dependent!
2024-08-23 12:30:21,348 [Worker-55: Building] INFO  o.a.m.s.f.DefaultMavenResourcesFiltering - skip non existing resourceDirectory C:\Users\Gabriel Caio\OneDrive\Área de Trabalho\100DaysOfCodeJava\Sprint6\Primeiros-Passos-jdbc\src\main\resources
2024-08-23 12:30:21,351 [Worker-55: Building] WARN  o.a.m.s.f.DefaultMavenResourcesFiltering - Using platform encoding (UTF-8 actually) to copy filtered resources, i.e. build is platform dependent!
2024-08-23 12:30:21,353 [Worker-55: Building] INFO  o.a.m.s.f.DefaultMavenResourcesFiltering - skip non existing resourceDirectory C:\Users\Gabriel Caio\OneDrive\Área de Trabalho\100DaysOfCodeJava\Sprint6\Primeiros-Passos-jdbc\src\test\resources
2024-08-23 12:31:16,422 [Worker-58: Building] WARN  o.a.m.s.f.DefaultMavenResourcesFiltering - Using platform encoding (UTF-8 actually) to copy filtered resources, i.e. build is platform dependent!
2024-08-23 12:31:16,423 [Worker-58: Building] INFO  o.a.m.s.f.DefaultMavenResourcesFiltering - skip non existing resourceDirectory C:\Users\Gabriel Caio\OneDrive\Área de Trabalho\100DaysOfCodeJava\Sprint6\Primeiros-Passos-jdbc\src\main\resources
2024-08-23 12:31:16,426 [Worker-58: Building] WARN  o.a.m.s.f.DefaultMavenResourcesFiltering - Using platform encoding (UTF-8 actually) to copy filtered resources, i.e. build is platform dependent!
2024-08-23 12:31:16,427 [Worker-58: Building] INFO  o.a.m.s.f.DefaultMavenResourcesFiltering - skip non existing resourceDirectory C:\Users\Gabriel Caio\OneDrive\Área de Trabalho\100DaysOfCodeJava\Sprint6\Primeiros-Passos-jdbc\src\test\resources
2024-08-23 12:31:49,359 [Worker-55: Building] WARN  o.a.m.s.f.DefaultMavenResourcesFiltering - Using platform encoding (UTF-8 actually) to copy filtered resources, i.e. build is platform dependent!
2024-08-23 12:31:49,360 [Worker-55: Building] INFO  o.a.m.s.f.DefaultMavenResourcesFiltering - skip non existing resourceDirectory C:\Users\Gabriel Caio\OneDrive\Área de Trabalho\100DaysOfCodeJava\Sprint6\Primeiros-Passos-jdbc\src\main\resources
2024-08-23 12:31:49,363 [Worker-55: Building] WARN  o.a.m.s.f.DefaultMavenResourcesFiltering - Using platform encoding (UTF-8 actually) to copy filtered resources, i.e. build is platform dependent!
2024-08-23 12:31:49,364 [Worker-55: Building] INFO  o.a.m.s.f.DefaultMavenResourcesFiltering - skip non existing resourceDirectory C:\Users\Gabriel Caio\OneDrive\Área de Trabalho\100DaysOfCodeJava\Sprint6\Primeiros-Passos-jdbc\src\test\resources
2024-08-23 12:32:17,750 [Worker-57: Building] WARN  o.a.m.s.f.DefaultMavenResourcesFiltering - Using platform encoding (UTF-8 actually) to copy filtered resources, i.e. build is platform dependent!
2024-08-23 12:32:17,751 [Worker-57: Building] INFO  o.a.m.s.f.DefaultMavenResourcesFiltering - skip non existing resourceDirectory C:\Users\Gabriel Caio\OneDrive\Área de Trabalho\100DaysOfCodeJava\Sprint6\Primeiros-Passos-jdbc\src\main\resources
2024-08-23 12:32:17,753 [Worker-57: Building] WARN  o.a.m.s.f.DefaultMavenResourcesFiltering - Using platform encoding (UTF-8 actually) to copy filtered resources, i.e. build is platform dependent!
2024-08-23 12:32:17,754 [Worker-57: Building] INFO  o.a.m.s.f.DefaultMavenResourcesFiltering - skip non existing resourceDirectory C:\Users\Gabriel Caio\OneDrive\Área de Trabalho\100DaysOfCodeJava\Sprint6\Primeiros-Passos-jdbc\src\test\resources
2024-08-23 12:32:47,635 [Worker-48: Building] WARN  o.a.m.s.f.DefaultMavenResourcesFiltering - Using platform encoding (UTF-8 actually) to copy filtered resources, i.e. build is platform dependent!
2024-08-23 12:32:47,636 [Worker-48: Building] INFO  o.a.m.s.f.DefaultMavenResourcesFiltering - skip non existing resourceDirectory C:\Users\Gabriel Caio\OneDrive\Área de Trabalho\100DaysOfCodeJava\Sprint6\Primeiros-Passos-jdbc\src\main\resources
2024-08-23 12:32:47,639 [Worker-48: Building] WARN  o.a.m.s.f.DefaultMavenResourcesFiltering - Using platform encoding (UTF-8 actually) to copy filtered resources, i.e. build is platform dependent!
2024-08-23 12:32:47,640 [Worker-48: Building] INFO  o.a.m.s.f.DefaultMavenResourcesFiltering - skip non existing resourceDirectory C:\Users\Gabriel Caio\OneDrive\Área de Trabalho\100DaysOfCodeJava\Sprint6\Primeiros-Passos-jdbc\src\test\resources
2024-08-23 12:34:20,662 [Worker-60: Building] WARN  o.a.m.s.f.DefaultMavenResourcesFiltering - Using platform encoding (UTF-8 actually) to copy filtered resources, i.e. build is platform dependent!
2024-08-23 12:34:20,663 [Worker-60: Building] INFO  o.a.m.s.f.DefaultMavenResourcesFiltering - skip non existing resourceDirectory C:\Users\Gabriel Caio\OneDrive\Área de Trabalho\100DaysOfCodeJava\Sprint6\Primeiros-Passos-jdbc\src\main\resources
2024-08-23 12:34:20,667 [Worker-60: Building] WARN  o.a.m.s.f.DefaultMavenResourcesFiltering - Using platform encoding (UTF-8 actually) to copy filtered resources, i.e. build is platform dependent!
2024-08-23 12:34:20,668 [Worker-60: Building] INFO  o.a.m.s.f.DefaultMavenResourcesFiltering - skip non existing resourceDirectory C:\Users\Gabriel Caio\OneDrive\Área de Trabalho\100DaysOfCodeJava\Sprint6\Primeiros-Passos-jdbc\src\test\resources
2024-08-23 12:37:04,369 [Worker-53: Building] WARN  o.a.m.s.f.DefaultMavenResourcesFiltering - Using platform encoding (UTF-8 actually) to copy filtered resources, i.e. build is platform dependent!
2024-08-23 12:37:04,370 [Worker-53: Building] INFO  o.a.m.s.f.DefaultMavenResourcesFiltering - skip non existing resourceDirectory C:\Users\Gabriel Caio\OneDrive\Área de Trabalho\100DaysOfCodeJava\Sprint6\Primeiros-Passos-jdbc\src\main\resources
2024-08-23 12:37:04,372 [Worker-53: Building] WARN  o.a.m.s.f.DefaultMavenResourcesFiltering - Using platform encoding (UTF-8 actually) to copy filtered resources, i.e. build is platform dependent!
2024-08-23 12:37:04,372 [Worker-53: Building] INFO  o.a.m.s.f.DefaultMavenResourcesFiltering - skip non existing resourceDirectory C:\Users\Gabriel Caio\OneDrive\Área de Trabalho\100DaysOfCodeJava\Sprint6\Primeiros-Passos-jdbc\src\test\resources
2024-08-23 12:37:18,854 [Worker-48: Building] WARN  o.a.m.s.f.DefaultMavenResourcesFiltering - Using platform encoding (UTF-8 actually) to copy filtered resources, i.e. build is platform dependent!
2024-08-23 12:37:18,854 [Worker-48: Building] INFO  o.a.m.s.f.DefaultMavenResourcesFiltering - skip non existing resourceDirectory C:\Users\Gabriel Caio\OneDrive\Área de Trabalho\100DaysOfCodeJava\Sprint6\Primeiros-Passos-jdbc\src\main\resources
2024-08-23 12:37:18,857 [Worker-48: Building] WARN  o.a.m.s.f.DefaultMavenResourcesFiltering - Using platform encoding (UTF-8 actually) to copy filtered resources, i.e. build is platform dependent!
2024-08-23 12:37:18,857 [Worker-48: Building] INFO  o.a.m.s.f.DefaultMavenResourcesFiltering - skip non existing resourceDirectory C:\Users\Gabriel Caio\OneDrive\Área de Trabalho\100DaysOfCodeJava\Sprint6\Primeiros-Passos-jdbc\src\test\resources
2024-08-23 12:38:23,072 [Worker-55: Building] WARN  o.a.m.s.f.DefaultMavenResourcesFiltering - Using platform encoding (UTF-8 actually) to copy filtered resources, i.e. build is platform dependent!
2024-08-23 12:38:23,073 [Worker-55: Building] INFO  o.a.m.s.f.DefaultMavenResourcesFiltering - skip non existing resourceDirectory C:\Users\Gabriel Caio\OneDrive\Área de Trabalho\100DaysOfCodeJava\Sprint6\Primeiros-Passos-jdbc\src\main\resources
2024-08-23 12:38:23,078 [Worker-55: Building] WARN  o.a.m.s.f.DefaultMavenResourcesFiltering - Using platform encoding (UTF-8 actually) to copy filtered resources, i.e. build is platform dependent!
2024-08-23 12:38:23,080 [Worker-55: Building] INFO  o.a.m.s.f.DefaultMavenResourcesFiltering - skip non existing resourceDirectory C:\Users\Gabriel Caio\OneDrive\Área de Trabalho\100DaysOfCodeJava\Sprint6\Primeiros-Passos-jdbc\src\test\resources
2024-08-23 12:38:39,611 [Worker-61: Building] WARN  o.a.m.s.f.DefaultMavenResourcesFiltering - Using platform encoding (UTF-8 actually) to copy filtered resources, i.e. build is platform dependent!
2024-08-23 12:38:39,612 [Worker-61: Building] INFO  o.a.m.s.f.DefaultMavenResourcesFiltering - skip non existing resourceDirectory C:\Users\Gabriel Caio\OneDrive\Área de Trabalho\100DaysOfCodeJava\Sprint6\Primeiros-Passos-jdbc\src\main\resources
2024-08-23 12:38:39,615 [Worker-61: Building] WARN  o.a.m.s.f.DefaultMavenResourcesFiltering - Using platform encoding (UTF-8 actually) to copy filtered resources, i.e. build is platform dependent!
2024-08-23 12:38:39,616 [Worker-61: Building] INFO  o.a.m.s.f.DefaultMavenResourcesFiltering - skip non existing resourceDirectory C:\Users\Gabriel Caio\OneDrive\Área de Trabalho\100DaysOfCodeJava\Sprint6\Primeiros-Passos-jdbc\src\test\resources
2024-08-23 12:39:54,379 [Worker-55: Building] WARN  o.a.m.s.f.DefaultMavenResourcesFiltering - Using platform encoding (UTF-8 actually) to copy filtered resources, i.e. build is platform dependent!
2024-08-23 12:39:54,380 [Worker-55: Building] INFO  o.a.m.s.f.DefaultMavenResourcesFiltering - skip non existing resourceDirectory C:\Users\Gabriel Caio\OneDrive\Área de Trabalho\100DaysOfCodeJava\Sprint6\Primeiros-Passos-jdbc\src\main\resources
2024-08-23 12:39:54,383 [Worker-55: Building] WARN  o.a.m.s.f.DefaultMavenResourcesFiltering - Using platform encoding (UTF-8 actually) to copy filtered resources, i.e. build is platform dependent!
2024-08-23 12:39:54,385 [Worker-55: Building] INFO  o.a.m.s.f.DefaultMavenResourcesFiltering - skip non existing resourceDirectory C:\Users\Gabriel Caio\OneDrive\Área de Trabalho\100DaysOfCodeJava\Sprint6\Primeiros-Passos-jdbc\src\test\resources
2024-08-23 13:15:23,493 [Worker-64: Building] WARN  o.a.m.s.f.DefaultMavenResourcesFiltering - Using platform encoding (UTF-8 actually) to copy filtered resources, i.e. build is platform dependent!
2024-08-23 13:15:23,494 [Worker-64: Building] INFO  o.a.m.s.f.DefaultMavenResourcesFiltering - skip non existing resourceDirectory C:\Users\Gabriel Caio\OneDrive\Área de Trabalho\100DaysOfCodeJava\Sprint6\Primeiros-Passos-jdbc\src\main\resources
2024-08-23 13:15:23,498 [Worker-64: Building] WARN  o.a.m.s.f.DefaultMavenResourcesFiltering - Using platform encoding (UTF-8 actually) to copy filtered resources, i.e. build is platform dependent!
2024-08-23 13:15:23,500 [Worker-64: Building] INFO  o.a.m.s.f.DefaultMavenResourcesFiltering - skip non existing resourceDirectory C:\Users\Gabriel Caio\OneDrive\Área de Trabalho\100DaysOfCodeJava\Sprint6\Primeiros-Passos-jdbc\src\test\resources
2024-08-23 13:15:43,849 [Worker-64: Building] WARN  o.a.m.s.f.DefaultMavenResourcesFiltering - Using platform encoding (UTF-8 actually) to copy filtered resources, i.e. build is platform dependent!
2024-08-23 13:15:43,850 [Worker-64: Building] INFO  o.a.m.s.f.DefaultMavenResourcesFiltering - skip non existing resourceDirectory C:\Users\Gabriel Caio\OneDrive\Área de Trabalho\100DaysOfCodeJava\Sprint6\Primeiros-Passos-jdbc\src\main\resources
2024-08-23 13:15:43,855 [Worker-64: Building] WARN  o.a.m.s.f.DefaultMavenResourcesFiltering - Using platform encoding (UTF-8 actually) to copy filtered resources, i.e. build is platform dependent!
2024-08-23 13:15:43,857 [Worker-64: Building] INFO  o.a.m.s.f.DefaultMavenResourcesFiltering - skip non existing resourceDirectory C:\Users\Gabriel Caio\OneDrive\Área de Trabalho\100DaysOfCodeJava\Sprint6\Primeiros-Passos-jdbc\src\test\resources
2024-08-23 13:16:29,043 [Worker-64: Building] WARN  o.a.m.s.f.DefaultMavenResourcesFiltering - Using platform encoding (UTF-8 actually) to copy filtered resources, i.e. build is platform dependent!
2024-08-23 13:16:29,045 [Worker-64: Building] INFO  o.a.m.s.f.DefaultMavenResourcesFiltering - skip non existing resourceDirectory C:\Users\Gabriel Caio\OneDrive\Área de Trabalho\100DaysOfCodeJava\Sprint6\Primeiros-Passos-jdbc\src\main\resources
2024-08-23 13:16:29,051 [Worker-64: Building] WARN  o.a.m.s.f.DefaultMavenResourcesFiltering - Using platform encoding (UTF-8 actually) to copy filtered resources, i.e. build is platform dependent!
2024-08-23 13:16:29,053 [Worker-64: Building] INFO  o.a.m.s.f.DefaultMavenResourcesFiltering - skip non existing resourceDirectory C:\Users\Gabriel Caio\OneDrive\Área de Trabalho\100DaysOfCodeJava\Sprint6\Primeiros-Passos-jdbc\src\test\resources
2024-08-23 13:17:50,727 [Worker-68: Building] WARN  o.a.m.s.f.DefaultMavenResourcesFiltering - Using platform encoding (UTF-8 actually) to copy filtered resources, i.e. build is platform dependent!
2024-08-23 13:17:50,730 [Worker-68: Building] INFO  o.a.m.s.f.DefaultMavenResourcesFiltering - skip non existing resourceDirectory C:\Users\Gabriel Caio\OneDrive\Área de Trabalho\100DaysOfCodeJava\Sprint6\Primeiros-Passos-jdbc\src\main\resources
2024-08-23 13:17:50,735 [Worker-68: Building] WARN  o.a.m.s.f.DefaultMavenResourcesFiltering - Using platform encoding (UTF-8 actually) to copy filtered resources, i.e. build is platform dependent!
2024-08-23 13:17:50,737 [Worker-68: Building] INFO  o.a.m.s.f.DefaultMavenResourcesFiltering - skip non existing resourceDirectory C:\Users\Gabriel Caio\OneDrive\Área de Trabalho\100DaysOfCodeJava\Sprint6\Primeiros-Passos-jdbc\src\test\resources
2024-08-23 13:17:57,161 [Worker-67: Building] WARN  o.a.m.s.f.DefaultMavenResourcesFiltering - Using platform encoding (UTF-8 actually) to copy filtered resources, i.e. build is platform dependent!
2024-08-23 13:17:57,162 [Worker-67: Building] INFO  o.a.m.s.f.DefaultMavenResourcesFiltering - skip non existing resourceDirectory C:\Users\Gabriel Caio\OneDrive\Área de Trabalho\100DaysOfCodeJava\Sprint6\Primeiros-Passos-jdbc\src\main\resources
2024-08-23 13:17:57,166 [Worker-67: Building] WARN  o.a.m.s.f.DefaultMavenResourcesFiltering - Using platform encoding (UTF-8 actually) to copy filtered resources, i.e. build is platform dependent!
2024-08-23 13:17:57,167 [Worker-67: Building] INFO  o.a.m.s.f.DefaultMavenResourcesFiltering - skip non existing resourceDirectory C:\Users\Gabriel Caio\OneDrive\Área de Trabalho\100DaysOfCodeJava\Sprint6\Primeiros-Passos-jdbc\src\test\resources
2024-08-23 13:18:37,106 [Worker-64: Building] WARN  o.a.m.s.f.DefaultMavenResourcesFiltering - Using platform encoding (UTF-8 actually) to copy filtered resources, i.e. build is platform dependent!
2024-08-23 13:18:37,108 [Worker-64: Building] INFO  o.a.m.s.f.DefaultMavenResourcesFiltering - skip non existing resourceDirectory C:\Users\Gabriel Caio\OneDrive\Área de Trabalho\100DaysOfCodeJava\Sprint6\Primeiros-Passos-jdbc\src\main\resources
2024-08-23 13:18:37,113 [Worker-64: Building] WARN  o.a.m.s.f.DefaultMavenResourcesFiltering - Using platform encoding (UTF-8 actually) to copy filtered resources, i.e. build is platform dependent!
2024-08-23 13:18:37,115 [Worker-64: Building] INFO  o.a.m.s.f.DefaultMavenResourcesFiltering - skip non existing resourceDirectory C:\Users\Gabriel Caio\OneDrive\Área de Trabalho\100DaysOfCodeJava\Sprint6\Primeiros-Passos-jdbc\src\test\resources
2024-08-23 13:26:14,946 [Worker-73: Building] WARN  o.a.m.s.f.DefaultMavenResourcesFiltering - Using platform encoding (UTF-8 actually) to copy filtered resources, i.e. build is platform dependent!
2024-08-23 13:26:14,948 [Worker-73: Building] INFO  o.a.m.s.f.DefaultMavenResourcesFiltering - skip non existing resourceDirectory C:\Users\Gabriel Caio\OneDrive\Área de Trabalho\100DaysOfCodeJava\Sprint6\Primeiros-Passos-jdbc\src\main\resources
2024-08-23 13:26:14,954 [Worker-73: Building] WARN  o.a.m.s.f.DefaultMavenResourcesFiltering - Using platform encoding (UTF-8 actually) to copy filtered resources, i.e. build is platform dependent!
2024-08-23 13:26:14,957 [Worker-73: Building] INFO  o.a.m.s.f.DefaultMavenResourcesFiltering - skip non existing resourceDirectory C:\Users\Gabriel Caio\OneDrive\Área de Trabalho\100DaysOfCodeJava\Sprint6\Primeiros-Passos-jdbc\src\test\resources
2024-08-23 13:29:01,759 [Worker-79: Building] WARN  o.a.m.s.f.DefaultMavenResourcesFiltering - Using platform encoding (UTF-8 actually) to copy filtered resources, i.e. build is platform dependent!
2024-08-23 13:29:01,761 [Worker-79: Building] INFO  o.a.m.s.f.DefaultMavenResourcesFiltering - skip non existing resourceDirectory C:\Users\Gabriel Caio\OneDrive\Área de Trabalho\100DaysOfCodeJava\Sprint6\Primeiros-Passos-jdbc\src\main\resources
2024-08-23 13:29:01,764 [Worker-79: Building] WARN  o.a.m.s.f.DefaultMavenResourcesFiltering - Using platform encoding (UTF-8 actually) to copy filtered resources, i.e. build is platform dependent!
2024-08-23 13:29:01,766 [Worker-79: Building] INFO  o.a.m.s.f.DefaultMavenResourcesFiltering - skip non existing resourceDirectory C:\Users\Gabriel Caio\OneDrive\Área de Trabalho\100DaysOfCodeJava\Sprint6\Primeiros-Passos-jdbc\src\test\resources
2024-08-23 13:34:23,703 [Worker-83: Building] WARN  o.a.m.s.f.DefaultMavenResourcesFiltering - Using platform encoding (UTF-8 actually) to copy filtered resources, i.e. build is platform dependent!
2024-08-23 13:34:23,706 [Worker-83: Building] INFO  o.a.m.s.f.DefaultMavenResourcesFiltering - skip non existing resourceDirectory C:\Users\Gabriel Caio\OneDrive\Área de Trabalho\100DaysOfCodeJava\Sprint6\Primeiros-Passos-jdbc\src\main\resources
2024-08-23 13:34:23,711 [Worker-83: Building] WARN  o.a.m.s.f.DefaultMavenResourcesFiltering - Using platform encoding (UTF-8 actually) to copy filtered resources, i.e. build is platform dependent!
2024-08-23 13:34:23,712 [Worker-83: Building] INFO  o.a.m.s.f.DefaultMavenResourcesFiltering - skip non existing resourceDirectory C:\Users\Gabriel Caio\OneDrive\Área de Trabalho\100DaysOfCodeJava\Sprint6\Primeiros-Passos-jdbc\src\test\resources
2024-08-23 13:40:20,795 [Worker-82: Building] WARN  o.a.m.s.f.DefaultMavenResourcesFiltering - Using platform encoding (UTF-8 actually) to copy filtered resources, i.e. build is platform dependent!
2024-08-23 13:40:20,797 [Worker-82: Building] INFO  o.a.m.s.f.DefaultMavenResourcesFiltering - skip non existing resourceDirectory C:\Users\Gabriel Caio\OneDrive\Área de Trabalho\100DaysOfCodeJava\Sprint6\Primeiros-Passos-jdbc\src\main\resources
2024-08-23 13:40:20,801 [Worker-82: Building] WARN  o.a.m.s.f.DefaultMavenResourcesFiltering - Using platform encoding (UTF-8 actually) to copy filtered resources, i.e. build is platform dependent!
2024-08-23 13:40:20,803 [Worker-82: Building] INFO  o.a.m.s.f.DefaultMavenResourcesFiltering - skip non existing resourceDirectory C:\Users\Gabriel Caio\OneDrive\Área de Trabalho\100DaysOfCodeJava\Sprint6\Primeiros-Passos-jdbc\src\test\resources
2024-08-23 13:40:37,975 [Worker-79: Building] WARN  o.a.m.s.f.DefaultMavenResourcesFiltering - Using platform encoding (UTF-8 actually) to copy filtered resources, i.e. build is platform dependent!
2024-08-23 13:40:37,976 [Worker-79: Building] INFO  o.a.m.s.f.DefaultMavenResourcesFiltering - skip non existing resourceDirectory C:\Users\Gabriel Caio\OneDrive\Área de Trabalho\100DaysOfCodeJava\Sprint6\Primeiros-Passos-jdbc\src\main\resources
2024-08-23 13:40:37,982 [Worker-79: Building] WARN  o.a.m.s.f.DefaultMavenResourcesFiltering - Using platform encoding (UTF-8 actually) to copy filtered resources, i.e. build is platform dependent!
2024-08-23 13:40:37,983 [Worker-79: Building] INFO  o.a.m.s.f.DefaultMavenResourcesFiltering - skip non existing resourceDirectory C:\Users\Gabriel Caio\OneDrive\Área de Trabalho\100DaysOfCodeJava\Sprint6\Primeiros-Passos-jdbc\src\test\resources
2024-08-23 13:42:06,390 [Worker-82: Building] WARN  o.a.m.s.f.DefaultMavenResourcesFiltering - Using platform encoding (UTF-8 actually) to copy filtered resources, i.e. build is platform dependent!
2024-08-23 13:42:06,392 [Worker-82: Building] INFO  o.a.m.s.f.DefaultMavenResourcesFiltering - skip non existing resourceDirectory C:\Users\Gabriel Caio\OneDrive\Área de Trabalho\100DaysOfCodeJava\Sprint6\Primeiros-Passos-jdbc\src\main\resources
2024-08-23 13:42:06,396 [Worker-82: Building] WARN  o.a.m.s.f.DefaultMavenResourcesFiltering - Using platform encoding (UTF-8 actually) to copy filtered resources, i.e. build is platform dependent!
2024-08-23 13:42:06,398 [Worker-82: Building] INFO  o.a.m.s.f.DefaultMavenResourcesFiltering - skip non existing resourceDirectory C:\Users\Gabriel Caio\OneDrive\Área de Trabalho\100DaysOfCodeJava\Sprint6\Primeiros-Passos-jdbc\src\test\resources
2024-08-23 13:42:47,804 [Worker-85: Building] WARN  o.a.m.s.f.DefaultMavenResourcesFiltering - Using platform encoding (UTF-8 actually) to copy filtered resources, i.e. build is platform dependent!
2024-08-23 13:42:47,805 [Worker-85: Building] INFO  o.a.m.s.f.DefaultMavenResourcesFiltering - skip non existing resourceDirectory C:\Users\Gabriel Caio\OneDrive\Área de Trabalho\100DaysOfCodeJava\Sprint6\Primeiros-Passos-jdbc\src\main\resources
2024-08-23 13:42:47,808 [Worker-85: Building] WARN  o.a.m.s.f.DefaultMavenResourcesFiltering - Using platform encoding (UTF-8 actually) to copy filtered resources, i.e. build is platform dependent!
2024-08-23 13:42:47,810 [Worker-85: Building] INFO  o.a.m.s.f.DefaultMavenResourcesFiltering - skip non existing resourceDirectory C:\Users\Gabriel Caio\OneDrive\Área de Trabalho\100DaysOfCodeJava\Sprint6\Primeiros-Passos-jdbc\src\test\resources
2024-08-23 13:43:21,856 [Worker-84: Building] WARN  o.a.m.s.f.DefaultMavenResourcesFiltering - Using platform encoding (UTF-8 actually) to copy filtered resources, i.e. build is platform dependent!
2024-08-23 13:43:21,858 [Worker-84: Building] INFO  o.a.m.s.f.DefaultMavenResourcesFiltering - skip non existing resourceDirectory C:\Users\Gabriel Caio\OneDrive\Área de Trabalho\100DaysOfCodeJava\Sprint6\Primeiros-Passos-jdbc\src\main\resources
2024-08-23 13:43:21,862 [Worker-84: Building] WARN  o.a.m.s.f.DefaultMavenResourcesFiltering - Using platform encoding (UTF-8 actually) to copy filtered resources, i.e. build is platform dependent!
2024-08-23 13:43:21,865 [Worker-84: Building] INFO  o.a.m.s.f.DefaultMavenResourcesFiltering - skip non existing resourceDirectory C:\Users\Gabriel Caio\OneDrive\Área de Trabalho\100DaysOfCodeJava\Sprint6\Primeiros-Passos-jdbc\src\test\resources
2024-08-23 13:43:51,434 [Worker-84: Building] WARN  o.a.m.s.f.DefaultMavenResourcesFiltering - Using platform encoding (UTF-8 actually) to copy filtered resources, i.e. build is platform dependent!
2024-08-23 13:43:51,435 [Worker-84: Building] INFO  o.a.m.s.f.DefaultMavenResourcesFiltering - skip non existing resourceDirectory C:\Users\Gabriel Caio\OneDrive\Área de Trabalho\100DaysOfCodeJava\Sprint6\Primeiros-Passos-jdbc\src\main\resources
2024-08-23 13:43:51,438 [Worker-84: Building] WARN  o.a.m.s.f.DefaultMavenResourcesFiltering - Using platform encoding (UTF-8 actually) to copy filtered resources, i.e. build is platform dependent!
2024-08-23 13:43:51,440 [Worker-84: Building] INFO  o.a.m.s.f.DefaultMavenResourcesFiltering - skip non existing resourceDirectory C:\Users\Gabriel Caio\OneDrive\Área de Trabalho\100DaysOfCodeJava\Sprint6\Primeiros-Passos-jdbc\src\test\resources
2024-08-23 13:45:05,063 [Worker-79: Building] WARN  o.a.m.s.f.DefaultMavenResourcesFiltering - Using platform encoding (UTF-8 actually) to copy filtered resources, i.e. build is platform dependent!
2024-08-23 13:45:05,065 [Worker-79: Building] INFO  o.a.m.s.f.DefaultMavenResourcesFiltering - skip non existing resourceDirectory C:\Users\Gabriel Caio\OneDrive\Área de Trabalho\100DaysOfCodeJava\Sprint6\Primeiros-Passos-jdbc\src\main\resources
2024-08-23 13:45:05,072 [Worker-79: Building] WARN  o.a.m.s.f.DefaultMavenResourcesFiltering - Using platform encoding (UTF-8 actually) to copy filtered resources, i.e. build is platform dependent!
2024-08-23 13:45:05,074 [Worker-79: Building] INFO  o.a.m.s.f.DefaultMavenResourcesFiltering - skip non existing resourceDirectory C:\Users\Gabriel Caio\OneDrive\Área de Trabalho\100DaysOfCodeJava\Sprint6\Primeiros-Passos-jdbc\src\test\resources
2024-08-23 13:45:34,559 [Worker-85: Building] WARN  o.a.m.s.f.DefaultMavenResourcesFiltering - Using platform encoding (UTF-8 actually) to copy filtered resources, i.e. build is platform dependent!
2024-08-23 13:45:34,560 [Worker-85: Building] INFO  o.a.m.s.f.DefaultMavenResourcesFiltering - skip non existing resourceDirectory C:\Users\Gabriel Caio\OneDrive\Área de Trabalho\100DaysOfCodeJava\Sprint6\Primeiros-Passos-jdbc\src\main\resources
2024-08-23 13:45:34,566 [Worker-85: Building] WARN  o.a.m.s.f.DefaultMavenResourcesFiltering - Using platform encoding (UTF-8 actually) to copy filtered resources, i.e. build is platform dependent!
2024-08-23 13:45:34,567 [Worker-85: Building] INFO  o.a.m.s.f.DefaultMavenResourcesFiltering - skip non existing resourceDirectory C:\Users\Gabriel Caio\OneDrive\Área de Trabalho\100DaysOfCodeJava\Sprint6\Primeiros-Passos-jdbc\src\test\resources
2024-08-23 14:25:32,561 [Worker-6: Loading available Gradle versions] INFO  o.e.b.c.i.u.g.PublishedGradleVersions - Gradle version information cache is up-to-date. Trying to read.
